1968164940 Just allocated reference block 1
1968168600 Opening Copley CAN port: 0
1968177070 Amp 1 Init
1968178979 Amp 1, checking ID
1968179412 CAN.R: 0x00000080 - 
1968181414 CAN.X: 0x00000601 - 0x40 0x18 0x10 0x00 0x00 0x00 0x00 0x00 
1968182487 CAN.R: 0x00000581 - 0x4f 0x18 0x10 0x00 0x04 0x00 0x00 0x00 
1968183551 CAN.X: 0x00000601 - 0x40 0x18 0x10 0x01 0x00 0x00 0x00 0x00 
1968184239 CAN.R: 0x00000581 - 0x43 0x18 0x10 0x01 0xab 0x00 0x00 0x00 
1968184328 CAN.X: 0x00000601 - 0x40 0x18 0x10 0x02 0x00 0x00 0x00 0x00 
1968184980 CAN.R: 0x00000581 - 0x43 0x18 0x10 0x02 0xa0 0x03 0x00 0x00 
1968184996 CAN.X: 0x00000601 - 0x40 0x18 0x10 0x03 0x00 0x00 0x00 0x00 
1968185603 CAN.R: 0x00000581 - 0x43 0x18 0x10 0x03 0x03 0x00 0x01 0x00 
1968185617 CAN.X: 0x00000601 - 0x40 0x18 0x10 0x04 0x00 0x00 0x00 0x00 
1968186219 CAN.R: 0x00000581 - 0x43 0x18 0x10 0x04 0x26 0xa0 0xc9 0x00 
1968186329 CAN.R: 0x00000080 - 
1968191038 CAN.X: 0x00000601 - 0x40 0x10 0x65 0x18 0x00 0x00 0x00 0x00 
1968191733 CAN.R: 0x00000581 - 0x4b 0x10 0x65 0x18 0x4e 0x01 0xc9 0x00 
1968191754 Amp 1, setting default stop modes
1968193763 CAN.X: 0x00000601 - 0x2b 0x5a 0x60 0x00 0x02 0x00 0x00 0x00 
1968194358 CAN.R: 0x00000581 - 0x60 0x5a 0x60 0x00 0x00 0x00 0x00 0x00 
1968194385 CAN.X: 0x00000601 - 0x2b 0x5d 0x60 0x00 0x01 0x00 0x00 0x00 
1968194960 CAN.R: 0x00000581 - 0x60 0x5d 0x60 0x00 0x00 0x00 0x00 0x00 
1968194982 CAN.X: 0x00000601 - 0x40 0x00 0x23 0x00 0x00 0x00 0x00 0x00 
1968195609 CAN.R: 0x00000581 - 0x4b 0x00 0x23 0x00 0x1e 0x00 0x00 0x00 
1968195964 CAN.X: 0x00000601 - 0x40 0x60 0x60 0x00 0x00 0x00 0x00 0x00 
1968196454 CAN.R: 0x00000080 - 
1968196579 CAN.R: 0x00000581 - 0x4f 0x60 0x60 0x00 0x01 0x00 0x00 0x00 
1968196595 CAN.X: 0x00000601 - 0x40 0x40 0x60 0x00 0x00 0x00 0x00 0x00 
1968197230 CAN.R: 0x00000581 - 0x4b 0x40 0x60 0x00 0x05 0x00 0x00 0x00 
1968197366 CAN.X: 0x00000601 - 0x40 0x98 0x60 0x00 0x00 0x00 0x00 0x00 
1968197977 CAN.R: 0x00000581 - 0x4f 0x98 0x60 0x00 0x11 0x00 0x00 0x00 
1968197993 CAN.X: 0x00000601 - 0x40 0x13 0x20 0x00 0x00 0x00 0x00 0x00 
1968198583 CAN.R: 0x00000581 - 0x4b 0x13 0x20 0x00 0x00 0x00 0x00 0x00 
1968198768 Amp 1, Initial mode is 0x1e01
1968198776 CAN.X: 0x00000601 - 0x40 0x10 0x65 0x0d 0x00 0x00 0x00 0x00 
1968199334 CAN.R: 0x00000581 - 0x4b 0x10 0x65 0x0d 0xa4 0x03 0x00 0x00 
1968199352 CAN.X: 0x00000601 - 0x40 0x10 0x64 0x01 0x00 0x00 0x00 0x00 
1968199976 CAN.R: 0x00000581 - 0x4b 0x10 0x64 0x01 0x30 0x00 0x00 0x00 
1968201280 Amp 1, Initting PDOs
1968202121 CAN.X: 0x00000601 - 0x40 0x00 0x18 0x01 0x00 0x00 0x00 0x00 
1968202755 CAN.R: 0x00000581 - 0x43 0x00 0x18 0x01 0x81 0x01 0x00 0x00 
1968202897 CAN.X: 0x00000601 - 0x23 0x00 0x18 0x01 0x81 0x01 0x00 0x80 
1968203464 CAN.R: 0x00000581 - 0x60 0x00 0x18 0x01 0x00 0x00 0x00 0x00 
1968203824 CAN.X: 0x00000601 - 0x40 0x00 0x14 0x01 0x00 0x00 0x00 0x00 
1968204498 CAN.R: 0x00000581 - 0x43 0x00 0x14 0x01 0x01 0x02 0x00 0x00 
1968204521 CAN.X: 0x00000601 - 0x23 0x00 0x14 0x01 0x01 0x02 0x00 0x80 
1968205121 CAN.R: 0x00000581 - 0x60 0x00 0x14 0x01 0x00 0x00 0x00 0x00 
1968205141 CAN.X: 0x00000601 - 0x40 0x01 0x18 0x01 0x00 0x00 0x00 0x00 
1968205731 CAN.R: 0x00000581 - 0x43 0x01 0x18 0x01 0x81 0x02 0x00 0x00 
1968205747 CAN.X: 0x00000601 - 0x23 0x01 0x18 0x01 0x81 0x02 0x00 0x80 
1968206372 CAN.R: 0x00000581 - 0x60 0x01 0x18 0x01 0x00 0x00 0x00 0x00 
1968206390 CAN.X: 0x00000601 - 0x40 0x01 0x14 0x01 0x00 0x00 0x00 0x00 
1968206453 CAN.R: 0x00000080 - 
1968206964 CAN.R: 0x00000581 - 0x43 0x01 0x14 0x01 0x01 0x03 0x00 0x80 
1968206988 CAN.X: 0x00000601 - 0x40 0x02 0x18 0x01 0x00 0x00 0x00 0x00 
1968207586 CAN.R: 0x00000581 - 0x43 0x02 0x18 0x01 0x81 0x03 0x00 0x80 
1968207624 CAN.X: 0x00000601 - 0x40 0x02 0x14 0x01 0x00 0x00 0x00 0x00 
1968208210 CAN.R: 0x00000581 - 0x43 0x02 0x14 0x01 0x01 0x04 0x00 0x80 
1968208237 CAN.X: 0x00000601 - 0x40 0x03 0x18 0x01 0x00 0x00 0x00 0x00 
1968208833 CAN.R: 0x00000581 - 0x43 0x03 0x18 0x01 0x81 0x04 0x00 0x80 
1968208854 CAN.X: 0x00000601 - 0x40 0x03 0x14 0x01 0x00 0x00 0x00 0x00 
1968209459 CAN.R: 0x00000581 - 0x43 0x03 0x14 0x01 0x01 0x05 0x00 0x80 
1968209625 CAN.X: 0x00000601 - 0x40 0x04 0x18 0x01 0x00 0x00 0x00 0x00 
1968210205 CAN.R: 0x00000581 - 0x43 0x04 0x18 0x01 0x80 0x01 0x00 0x00 
1968210226 CAN.X: 0x00000601 - 0x23 0x04 0x18 0x01 0x80 0x01 0x00 0x80 
1968210838 CAN.R: 0x00000581 - 0x60 0x04 0x18 0x01 0x00 0x00 0x00 0x00 
1968210863 CAN.X: 0x00000601 - 0x40 0x04 0x14 0x01 0x00 0x00 0x00 0x00 
1968211477 CAN.R: 0x00000581 - 0x43 0x04 0x14 0x01 0x00 0x00 0x00 0x80 
1968211495 CAN.X: 0x00000601 - 0x40 0x05 0x18 0x01 0x00 0x00 0x00 0x00 
1968212083 CAN.R: 0x00000581 - 0x43 0x05 0x18 0x01 0x00 0x00 0x00 0x80 
1968212105 CAN.X: 0x00000601 - 0x40 0x05 0x14 0x01 0x00 0x00 0x00 0x00 
1968212705 CAN.R: 0x00000581 - 0x43 0x05 0x14 0x01 0x00 0x00 0x00 0x80 
1968212723 CAN.X: 0x00000601 - 0x40 0x06 0x18 0x01 0x00 0x00 0x00 0x00 
1968213330 CAN.R: 0x00000581 - 0x43 0x06 0x18 0x01 0x00 0x00 0x00 0x80 
1968213345 CAN.X: 0x00000601 - 0x40 0x06 0x14 0x01 0x00 0x00 0x00 0x00 
1968213956 CAN.R: 0x00000581 - 0x43 0x06 0x14 0x01 0x00 0x00 0x00 0x80 
1968213987 CAN.X: 0x00000601 - 0x40 0x07 0x18 0x01 0x00 0x00 0x00 0x00 
1968214585 CAN.R: 0x00000581 - 0x43 0x07 0x18 0x01 0x00 0x00 0x00 0x80 
1968214607 CAN.X: 0x00000601 - 0x40 0x07 0x14 0x01 0x00 0x00 0x00 0x00 
1968215210 CAN.R: 0x00000581 - 0x43 0x07 0x14 0x01 0x00 0x00 0x00 0x80 
1968216337 CAN.R: 0x00000080 - 
1968216966 Amp 1 Status PDO Init
1968218469 CAN.X: 0x00000601 - 0x40 0x00 0x18 0x01 0x00 0x00 0x00 0x00 
1968219087 CAN.R: 0x00000581 - 0x43 0x00 0x18 0x01 0x81 0x01 0x00 0x80 
1968219400 CAN.X: 0x00000601 - 0x40 0x00 0x1a 0x00 0x00 0x00 0x00 0x00 
1968219963 CAN.R: 0x00000581 - 0x4f 0x00 0x1a 0x00 0x03 0x00 0x00 0x00 
1968219988 CAN.X: 0x00000601 - 0x40 0x00 0x1a 0x01 0x00 0x00 0x00 0x00 
1968220601 CAN.R: 0x00000581 - 0x43 0x00 0x1a 0x01 0x10 0x00 0x90 0x21 
1968220624 CAN.X: 0x00000601 - 0x40 0x00 0x1a 0x02 0x00 0x00 0x00 0x00 
1968221227 CAN.R: 0x00000581 - 0x43 0x00 0x1a 0x02 0x10 0x00 0x41 0x60 
1968221256 CAN.X: 0x00000601 - 0x40 0x00 0x1a 0x03 0x00 0x00 0x00 0x00 
1968221849 CAN.R: 0x00000581 - 0x43 0x00 0x1a 0x03 0x20 0x00 0x02 0x10 
1968222985 CAN.X: 0x00000601 - 0x40 0x00 0x18 0x01 0x00 0x00 0x00 0x00 
1968223635 CAN.R: 0x00000581 - 0x43 0x00 0x18 0x01 0x81 0x01 0x00 0x80 
1968223653 CAN.X: 0x00000601 - 0x40 0x00 0x18 0x02 0x00 0x00 0x00 0x00 
1968224221 CAN.R: 0x00000581 - 0x4f 0x00 0x18 0x02 0xff 0x01 0x00 0x80 
1968224406 CAN.X: 0x00000601 - 0x23 0x00 0x18 0x01 0x81 0x01 0x00 0x00 
1968225100 CAN.R: 0x00000581 - 0x60 0x00 0x18 0x01 0x00 0x00 0x00 0x00 
1968225842 Amp 1 Status PDO Init finished successfully
1968226352 CAN.R: 0x00000080 - 
1968226651 Amp 1 Initting PVT status PDO for 1 axes
1968226672 CAN.X: 0x00000601 - 0x40 0x01 0x18 0x01 0x00 0x00 0x00 0x00 
1968227346 CAN.R: 0x00000581 - 0x43 0x01 0x18 0x01 0x81 0x02 0x00 0x80 
1968227370 CAN.X: 0x00000601 - 0x40 0x01 0x1a 0x00 0x00 0x00 0x00 0x00 
1968228000 CAN.R: 0x00000581 - 0x4f 0x01 0x1a 0x00 0x01 0x00 0x00 0x00 
1968228017 CAN.X: 0x00000601 - 0x40 0x01 0x1a 0x01 0x00 0x00 0x00 0x00 
1968228627 CAN.R: 0x00000581 - 0x43 0x01 0x1a 0x01 0x20 0x00 0x12 0x20 
1968228658 CAN.X: 0x00000601 - 0x40 0x01 0x18 0x01 0x00 0x00 0x00 0x00 
1968229350 CAN.R: 0x00000581 - 0x43 0x01 0x18 0x01 0x81 0x02 0x00 0x80 
1968229371 CAN.X: 0x00000601 - 0x40 0x01 0x18 0x02 0x00 0x00 0x00 0x00 
1968229973 CAN.R: 0x00000581 - 0x4f 0x01 0x18 0x02 0xff 0x02 0x00 0x80 
1968230003 CAN.X: 0x00000601 - 0x23 0x01 0x18 0x01 0x81 0x02 0x00 0x00 
1968230602 CAN.R: 0x00000581 - 0x60 0x01 0x18 0x01 0x00 0x00 0x00 0x00 
1968231156 Amp 1 PVT status PDO init ended successfully
1968234039 CAN.X: 0x00000601 - 0x40 0x00 0x14 0x01 0x00 0x00 0x00 0x00 
1968234746 CAN.R: 0x00000581 - 0x43 0x00 0x14 0x01 0x01 0x02 0x00 0x80 
1968234778 CAN.X: 0x00000601 - 0x40 0x00 0x16 0x00 0x00 0x00 0x00 0x00 
1968235518 CAN.R: 0x00000581 - 0x4f 0x00 0x16 0x00 0x01 0x00 0x00 0x00 
1968235555 CAN.X: 0x00000601 - 0x40 0x00 0x16 0x01 0x00 0x00 0x00 0x00 
1968236223 CAN.R: 0x00000581 - 0x43 0x00 0x16 0x01 0x40 0x00 0x10 0x20 
1968236250 CAN.X: 0x00000601 - 0x40 0x00 0x14 0x01 0x00 0x00 0x00 0x00 
1968236349 CAN.R: 0x00000080 - 
1968236977 CAN.R: 0x00000581 - 0x43 0x00 0x14 0x01 0x01 0x02 0x00 0x80 
1968236998 CAN.X: 0x00000601 - 0x40 0x00 0x14 0x02 0x00 0x00 0x00 0x00 
1968237598 CAN.R: 0x00000581 - 0x4f 0x00 0x14 0x02 0xff 0x02 0x00 0x80 
1968237622 CAN.X: 0x00000601 - 0x23 0x00 0x14 0x01 0x01 0x02 0x00 0x00 
1968238222 CAN.R: 0x00000581 - 0x60 0x00 0x14 0x01 0x00 0x00 0x00 0x00 
1968238805 Amp 1 new mode 0x1e06
1968239193 CAN.X: 0x00000601 - 0x2f 0x60 0x60 0x00 0x06 0x00 0x00 0x00 
1968239857 CAN.R: 0x00000581 - 0x60 0x60 0x60 0x00 0x00 0x00 0x00 0x00 
1968239895 Amp 1, starting node
1968240097 CAN.R: 0x00000181 - 0xf4 0x0f 0x70 0x0f 0x00 0xf2 0x00 0x40 
1968240680 CAN.X: 0x00000000 - 0x01 0x01 
1968241469 CAN.X: 0x00000701 - RMT
1968242866 Amp 1 status 0x4000f200 0x0f70 0x0ff4
1968243204 CAN.R: 0x00000701 - 0x05 
1968244386 Node 1 state changed from 1 to 5
1968244571 Amp 1, (type 0x03a4) Getting initial status
1968244585 CAN.R: 0x00000181 - 0xf4 0x0f 0x70 0x0f 0x00 0xf2 0x00 0x00 
1968244617 Amp 1 status 0x0000f200 0x0f70 0x0ff4
1968245338 CAN.X: 0x00000601 - 0x2f 0x02 0x20 0x00 0x00 0x00 0x00 0x00 
1968245986 CAN.R: 0x00000581 - 0x60 0x02 0x20 0x00 0x00 0x00 0x00 0x00 
1968246096 CAN.R: 0x00000181 - 0xf4 0x0f 0x70 0x0f 0x00 0xf2 0x00 0x00 
1968246351 CAN.R: 0x00000080 - 
1968247844 Amp 1, Setting up synch
1968247910 CAN.X: 0x00000601 - 0x23 0x06 0x10 0x00 0x10 0x27 0x00 0x00 
1968248602 CAN.R: 0x00000581 - 0x60 0x06 0x10 0x00 0x00 0x00 0x00 0x00 
1968248707 CAN.X: 0x00000601 - 0x23 0x05 0x10 0x00 0x80 0x00 0x00 0x00 
1968248718 CAN.R: 0x00000080 - 
1968249344 CAN.R: 0x00000581 - 0x60 0x05 0x10 0x00 0x00 0x00 0x00 0x00 
1968249364 Amp 1, setting up node guarding
1968250444 CAN.X: 0x00000601 - 0x2f 0x0d 0x10 0x00 0x03 0x00 0x00 0x00 
1968251111 CAN.R: 0x00000581 - 0x60 0x0d 0x10 0x00 0x00 0x00 0x00 0x00 
1968251145 CAN.X: 0x00000601 - 0x2b 0x0c 0x10 0x00 0xc8 0x00 0x00 0x00 
1968251726 CAN.R: 0x00000581 - 0x60 0x0c 0x10 0x00 0x00 0x00 0x00 0x00 
1968251751 CAN.X: 0x00000601 - 0x2b 0x17 0x10 0x00 0x00 0x00 0x00 0x00 
1968252350 CAN.R: 0x00000581 - 0x60 0x17 0x10 0x00 0x00 0x00 0x00 0x00 
1968252379 Amp 1, Starting sync production
1968253045 CAN.X: 0x00000601 - 0x40 0x05 0x10 0x00 0x00 0x00 0x00 0x00 
1968253728 CAN.R: 0x00000581 - 0x43 0x05 0x10 0x00 0x80 0x00 0x00 0x00 
1968253764 CAN.X: 0x00000601 - 0x23 0x05 0x10 0x00 0x80 0x00 0x00 0x40 
1968254342 CAN.R: 0x00000581 - 0x60 0x05 0x10 0x00 0x00 0x00 0x00 0x00 
1968254364 Amp 1, Configuring timestamp PDO
1968254457 CAN.R: 0x00000080 - 
1968255222 CAN.X: 0x00000601 - 0x40 0x04 0x18 0x01 0x00 0x00 0x00 0x00 
1968255858 CAN.R: 0x00000581 - 0x43 0x04 0x18 0x01 0x80 0x01 0x00 0x80 
1968255891 CAN.X: 0x00000601 - 0x40 0x04 0x1a 0x00 0x00 0x00 0x00 0x00 
1968256452 CAN.R: 0x00000581 - 0x4f 0x04 0x1a 0x00 0x01 0x00 0x00 0x00 
1968256465 CAN.X: 0x00000601 - 0x40 0x04 0x1a 0x01 0x00 0x00 0x00 0x00 
1968257086 CAN.R: 0x00000581 - 0x43 0x04 0x1a 0x01 0x20 0x00 0x13 0x10 
1968257117 CAN.X: 0x00000601 - 0x40 0x04 0x18 0x01 0x00 0x00 0x00 0x00 
1968257706 CAN.R: 0x00000581 - 0x43 0x04 0x18 0x01 0x80 0x01 0x00 0x80 
1968257725 CAN.X: 0x00000601 - 0x40 0x04 0x18 0x02 0x00 0x00 0x00 0x00 
1968258329 CAN.R: 0x00000581 - 0x4f 0x04 0x18 0x02 0x0a 0x01 0x00 0x80 
1968258348 CAN.X: 0x00000601 - 0x23 0x04 0x18 0x01 0x80 0x01 0x00 0x00 
1968258965 CAN.R: 0x00000581 - 0x60 0x04 0x18 0x01 0x00 0x00 0x00 0x00 
1968260176 Amp 1, clearing event latch
1968260499 CAN.X: 0x00000601 - 0x23 0x81 0x21 0x00 0xff 0xff 0xff 0xff 
1968261105 CAN.R: 0x00000581 - 0x60 0x81 0x21 0x00 0x00 0x00 0x00 0x00 
1968261134 Amp 1, clearing faults
1968262322 Amp 1 control 0x0085
1968262665 CAN.X: 0x00000601 - 0x2b 0x40 0x60 0x00 0x85 0x00 0x00 0x00 
1968263347 CAN.R: 0x00000581 - 0x60 0x40 0x60 0x00 0x00 0x00 0x00 0x00 
1968263545 Amp 1 control 0x0005
1968263558 CAN.X: 0x00000601 - 0x2b 0x40 0x60 0x00 0x05 0x00 0x00 0x00 
1968264214 CAN.R: 0x00000581 - 0x60 0x40 0x60 0x00 0x00 0x00 0x00 0x00 
1968264239 Amp 1, Enabling amp
1968264335 CAN.R: 0x00000080 - 
1968265478 Amp 1 control 0x000f
1968265491 CAN.X: 0x00000601 - 0x2b 0x40 0x60 0x00 0x0f 0x00 0x00 0x00 
1968266466 CAN.R: 0x00000581 - 0x60 0x40 0x60 0x00 0x00 0x00 0x00 0x00 
1968266587 CAN.R: 0x00000181 - 0xf4 0x0f 0x37 0x0f 0x00 0x02 0x00 0x00 
1968266613 Amp 1 status 0x00000200 0x0f37 0x0ff4
1968266635 Amp 1, init done
1968266643 Amp 2 Init
1968266658 Amp 2, checking ID
1968266668 CAN.X: 0x00000602 - 0x40 0x18 0x10 0x00 0x00 0x00 0x00 0x00 
1968267334 CAN.R: 0x00000582 - 0x4f 0x18 0x10 0x00 0x04 0x00 0x00 0x00 
1968267357 CAN.X: 0x00000602 - 0x40 0x18 0x10 0x01 0x00 0x00 0x00 0x00 
1968267960 CAN.R: 0x00000582 - 0x43 0x18 0x10 0x01 0xab 0x00 0x00 0x00 
1968267981 CAN.X: 0x00000602 - 0x40 0x18 0x10 0x02 0x00 0x00 0x00 0x00 
1968268588 CAN.R: 0x00000582 - 0x43 0x18 0x10 0x02 0xa0 0x03 0x00 0x00 
1968268615 CAN.X: 0x00000602 - 0x40 0x18 0x10 0x03 0x00 0x00 0x00 0x00 
1968269213 CAN.R: 0x00000582 - 0x43 0x18 0x10 0x03 0x03 0x00 0x01 0x00 
1968269236 CAN.X: 0x00000602 - 0x40 0x18 0x10 0x04 0x00 0x00 0x00 0x00 
1968269839 CAN.R: 0x00000582 - 0x43 0x18 0x10 0x04 0x79 0xcc 0x9b 0x00 
1968269874 CAN.X: 0x00000602 - 0x40 0x10 0x65 0x18 0x00 0x00 0x00 0x00 
1968270462 CAN.R: 0x00000582 - 0x4b 0x10 0x65 0x18 0x4e 0x01 0x9b 0x00 
1968270479 Amp 2, setting default stop modes
1968270490 CAN.X: 0x00000602 - 0x2b 0x5a 0x60 0x00 0x02 0x00 0x00 0x00 
1968271088 CAN.R: 0x00000582 - 0x60 0x5a 0x60 0x00 0x00 0x00 0x00 0x00 
1968271112 CAN.X: 0x00000602 - 0x2b 0x5d 0x60 0x00 0x01 0x00 0x00 0x00 
1968271711 CAN.R: 0x00000582 - 0x60 0x5d 0x60 0x00 0x00 0x00 0x00 0x00 
1968271732 CAN.X: 0x00000602 - 0x40 0x00 0x23 0x00 0x00 0x00 0x00 0x00 
1968272358 CAN.R: 0x00000582 - 0x4b 0x00 0x23 0x00 0x1e 0x00 0x00 0x00 
1968272384 CAN.X: 0x00000602 - 0x40 0x60 0x60 0x00 0x00 0x00 0x00 0x00 
1968272994 CAN.R: 0x00000582 - 0x4f 0x60 0x60 0x00 0x01 0x00 0x00 0x00 
1968273022 CAN.X: 0x00000602 - 0x40 0x40 0x60 0x00 0x00 0x00 0x00 0x00 
1968273586 CAN.R: 0x00000582 - 0x4b 0x40 0x60 0x00 0x05 0x00 0x00 0x00 
1968273613 CAN.X: 0x00000602 - 0x40 0x98 0x60 0x00 0x00 0x00 0x00 0x00 
1968274212 CAN.R: 0x00000582 - 0x4f 0x98 0x60 0x00 0x15 0x00 0x00 0x00 
1968274235 CAN.X: 0x00000602 - 0x40 0x13 0x20 0x00 0x00 0x00 0x00 0x00 
1968274335 CAN.R: 0x00000080 - 
1968274455 CAN.R: 0x00000180 - 0x8a 0x87 0xdb 0xf7 
1968274845 CAN.R: 0x00000582 - 0x4b 0x13 0x20 0x00 0x00 0x00 0x00 0x00 
1968274868 Amp 2, Initial mode is 0x1e01
1968274876 CAN.X: 0x00000602 - 0x40 0x10 0x65 0x0d 0x00 0x00 0x00 0x00 
1968275463 CAN.R: 0x00000582 - 0x4b 0x10 0x65 0x0d 0xa4 0x03 0x00 0x00 
1968275483 CAN.X: 0x00000602 - 0x40 0x10 0x64 0x01 0x00 0x00 0x00 0x00 
1968276088 CAN.R: 0x00000582 - 0x4b 0x10 0x64 0x01 0x30 0x00 0x00 0x00 
1968276115 Amp 2, Initting PDOs
1968276123 CAN.X: 0x00000602 - 0x40 0x00 0x18 0x01 0x00 0x00 0x00 0x00 
1968276713 CAN.R: 0x00000582 - 0x43 0x00 0x18 0x01 0x82 0x01 0x00 0x00 
1968276741 CAN.X: 0x00000602 - 0x23 0x00 0x18 0x01 0x82 0x01 0x00 0x80 
1968277338 CAN.R: 0x00000582 - 0x60 0x00 0x18 0x01 0x00 0x00 0x00 0x00 
1968277366 CAN.X: 0x00000602 - 0x40 0x00 0x14 0x01 0x00 0x00 0x00 0x00 
1968277960 CAN.R: 0x00000582 - 0x43 0x00 0x14 0x01 0x02 0x02 0x00 0x00 
1968277987 CAN.X: 0x00000602 - 0x23 0x00 0x14 0x01 0x02 0x02 0x00 0x80 
1968278588 CAN.R: 0x00000582 - 0x60 0x00 0x14 0x01 0x00 0x00 0x00 0x00 
1968278613 CAN.X: 0x00000602 - 0x40 0x01 0x18 0x01 0x00 0x00 0x00 0x00 
1968279214 CAN.R: 0x00000582 - 0x43 0x01 0x18 0x01 0x82 0x02 0x00 0x00 
1968279241 CAN.X: 0x00000602 - 0x23 0x01 0x18 0x01 0x82 0x02 0x00 0x80 
1968279835 CAN.R: 0x00000582 - 0x60 0x01 0x18 0x01 0x00 0x00 0x00 0x00 
1968279863 CAN.X: 0x00000602 - 0x40 0x01 0x14 0x01 0x00 0x00 0x00 0x00 
1968280460 CAN.R: 0x00000582 - 0x43 0x01 0x14 0x01 0x02 0x03 0x00 0x80 
1968280492 CAN.X: 0x00000602 - 0x40 0x02 0x18 0x01 0x00 0x00 0x00 0x00 
1968281087 CAN.R: 0x00000582 - 0x43 0x02 0x18 0x01 0x82 0x03 0x00 0x80 
1968281112 CAN.X: 0x00000602 - 0x40 0x02 0x14 0x01 0x00 0x00 0x00 0x00 
1968281710 CAN.R: 0x00000582 - 0x43 0x02 0x14 0x01 0x02 0x04 0x00 0x80 
1968281736 CAN.X: 0x00000602 - 0x40 0x03 0x18 0x01 0x00 0x00 0x00 0x00 
1968282335 CAN.R: 0x00000582 - 0x43 0x03 0x18 0x01 0x82 0x04 0x00 0x80 
1968282428 CAN.X: 0x00000602 - 0x40 0x03 0x14 0x01 0x00 0x00 0x00 0x00 
1968283086 CAN.R: 0x00000582 - 0x43 0x03 0x14 0x01 0x02 0x05 0x00 0x80 
1968283115 CAN.X: 0x00000602 - 0x40 0x04 0x18 0x01 0x00 0x00 0x00 0x00 
1968283729 CAN.R: 0x00000582 - 0x43 0x04 0x18 0x01 0x00 0x00 0x00 0x80 
1968283754 CAN.X: 0x00000602 - 0x40 0x04 0x14 0x01 0x00 0x00 0x00 0x00 
1968284335 CAN.R: 0x00000582 - 0x43 0x04 0x14 0x01 0x80 0x01 0x00 0x00 
1968284363 CAN.X: 0x00000602 - 0x23 0x04 0x14 0x01 0x80 0x01 0x00 0x80 
1968284456 CAN.R: 0x00000080 - 
1968284956 CAN.R: 0x00000582 - 0x60 0x04 0x14 0x01 0x00 0x00 0x00 0x00 
1968284978 CAN.X: 0x00000602 - 0x40 0x05 0x18 0x01 0x00 0x00 0x00 0x00 
1968285584 CAN.R: 0x00000582 - 0x43 0x05 0x18 0x01 0x00 0x00 0x00 0x80 
1968285609 CAN.X: 0x00000602 - 0x40 0x05 0x14 0x01 0x00 0x00 0x00 0x00 
1968286207 CAN.R: 0x00000582 - 0x43 0x05 0x14 0x01 0x00 0x00 0x00 0x80 
1968286235 CAN.X: 0x00000602 - 0x40 0x06 0x18 0x01 0x00 0x00 0x00 0x00 
1968286837 CAN.R: 0x00000582 - 0x43 0x06 0x18 0x01 0x00 0x00 0x00 0x80 
1968286866 CAN.X: 0x00000602 - 0x40 0x06 0x14 0x01 0x00 0x00 0x00 0x00 
1968287461 CAN.R: 0x00000582 - 0x43 0x06 0x14 0x01 0x00 0x00 0x00 0x80 
1968287488 CAN.X: 0x00000602 - 0x40 0x07 0x18 0x01 0x00 0x00 0x00 0x00 
1968288131 CAN.R: 0x00000582 - 0x43 0x07 0x18 0x01 0x00 0x00 0x00 0x80 
1968288162 CAN.X: 0x00000602 - 0x40 0x07 0x14 0x01 0x00 0x00 0x00 0x00 
1968288716 CAN.R: 0x00000582 - 0x43 0x07 0x14 0x01 0x00 0x00 0x00 0x80 
1968288808 Amp 2 Status PDO Init
1968288824 CAN.X: 0x00000602 - 0x40 0x00 0x18 0x01 0x00 0x00 0x00 0x00 
1968289460 CAN.R: 0x00000582 - 0x43 0x00 0x18 0x01 0x82 0x01 0x00 0x80 
1968289489 CAN.X: 0x00000602 - 0x40 0x00 0x1a 0x00 0x00 0x00 0x00 0x00 
1968290085 CAN.R: 0x00000582 - 0x4f 0x00 0x1a 0x00 0x03 0x00 0x00 0x00 
1968290111 CAN.X: 0x00000602 - 0x40 0x00 0x1a 0x01 0x00 0x00 0x00 0x00 
1968290711 CAN.R: 0x00000582 - 0x43 0x00 0x1a 0x01 0x10 0x00 0x90 0x21 
1968290734 CAN.X: 0x00000602 - 0x40 0x00 0x1a 0x02 0x00 0x00 0x00 0x00 
1968291332 CAN.R: 0x00000582 - 0x43 0x00 0x1a 0x02 0x10 0x00 0x41 0x60 
1968291354 CAN.X: 0x00000602 - 0x40 0x00 0x1a 0x03 0x00 0x00 0x00 0x00 
1968291962 CAN.R: 0x00000582 - 0x43 0x00 0x1a 0x03 0x20 0x00 0x02 0x10 
1968291989 CAN.X: 0x00000602 - 0x40 0x00 0x18 0x01 0x00 0x00 0x00 0x00 
1968292585 CAN.R: 0x00000582 - 0x43 0x00 0x18 0x01 0x82 0x01 0x00 0x80 
1968292609 CAN.X: 0x00000602 - 0x40 0x00 0x18 0x02 0x00 0x00 0x00 0x00 
1968293211 CAN.R: 0x00000582 - 0x4f 0x00 0x18 0x02 0xff 0x01 0x00 0x80 
1968293243 CAN.X: 0x00000602 - 0x23 0x00 0x18 0x01 0x82 0x01 0x00 0x00 
1968293853 CAN.R: 0x00000582 - 0x60 0x00 0x18 0x01 0x00 0x00 0x00 0x00 
1968293881 Amp 2 Status PDO Init finished successfully
1968293899 Amp 2 Initting PVT status PDO for 1 axes
1968293911 CAN.X: 0x00000602 - 0x40 0x01 0x18 0x01 0x00 0x00 0x00 0x00 
1968294467 CAN.R: 0x00000582 - 0x43 0x01 0x18 0x01 0x82 0x02 0x00 0x80 
1968294494 CAN.X: 0x00000602 - 0x40 0x01 0x1a 0x00 0x00 0x00 0x00 0x00 
1968294581 CAN.R: 0x00000080 - 
1968295084 CAN.R: 0x00000582 - 0x4f 0x01 0x1a 0x00 0x01 0x00 0x00 0x00 
1968295110 CAN.X: 0x00000602 - 0x40 0x01 0x1a 0x01 0x00 0x00 0x00 0x00 
1968295712 CAN.R: 0x00000582 - 0x43 0x01 0x1a 0x01 0x20 0x00 0x12 0x20 
1968295739 CAN.X: 0x00000602 - 0x40 0x01 0x18 0x01 0x00 0x00 0x00 0x00 
1968296341 CAN.R: 0x00000582 - 0x43 0x01 0x18 0x01 0x82 0x02 0x00 0x80 
1968296365 CAN.X: 0x00000602 - 0x40 0x01 0x18 0x02 0x00 0x00 0x00 0x00 
1968296961 CAN.R: 0x00000582 - 0x4f 0x01 0x18 0x02 0xff 0x02 0x00 0x80 
1968296985 CAN.X: 0x00000602 - 0x23 0x01 0x18 0x01 0x82 0x02 0x00 0x00 
1968297588 CAN.R: 0x00000582 - 0x60 0x01 0x18 0x01 0x00 0x00 0x00 0x00 
1968297624 Amp 2 PVT status PDO init ended successfully
1968297644 CAN.X: 0x00000602 - 0x40 0x00 0x14 0x01 0x00 0x00 0x00 0x00 
1968298239 CAN.R: 0x00000582 - 0x43 0x00 0x14 0x01 0x02 0x02 0x00 0x80 
1968298268 CAN.X: 0x00000602 - 0x40 0x00 0x16 0x00 0x00 0x00 0x00 0x00 
1968298834 CAN.R: 0x00000582 - 0x4f 0x00 0x16 0x00 0x01 0x00 0x00 0x00 
1968298859 CAN.X: 0x00000602 - 0x40 0x00 0x16 0x01 0x00 0x00 0x00 0x00 
1968299458 CAN.R: 0x00000582 - 0x43 0x00 0x16 0x01 0x40 0x00 0x10 0x20 
1968299484 CAN.X: 0x00000602 - 0x40 0x00 0x14 0x01 0x00 0x00 0x00 0x00 
1968300082 CAN.R: 0x00000582 - 0x43 0x00 0x14 0x01 0x02 0x02 0x00 0x80 
1968300105 CAN.X: 0x00000602 - 0x40 0x00 0x14 0x02 0x00 0x00 0x00 0x00 
1968300708 CAN.R: 0x00000582 - 0x4f 0x00 0x14 0x02 0xff 0x02 0x00 0x80 
1968300738 CAN.X: 0x00000602 - 0x23 0x00 0x14 0x01 0x02 0x02 0x00 0x00 
1968301339 CAN.R: 0x00000582 - 0x60 0x00 0x14 0x01 0x00 0x00 0x00 0x00 
1968301369 Amp 2 new mode 0x1e06
1968301381 CAN.X: 0x00000602 - 0x2f 0x60 0x60 0x00 0x06 0x00 0x00 0x00 
1968301960 CAN.R: 0x00000582 - 0x60 0x60 0x60 0x00 0x00 0x00 0x00 0x00 
1968301983 Amp 2, starting node
1968301991 CAN.X: 0x00000000 - 0x01 0x02 
1968302081 CAN.R: 0x00000182 - 0xf6 0x0f 0x70 0x07 0x00 0xf0 0x00 0x40 
1968302099 Amp 2 status 0x4000f000 0x0770 0x0ff6
1968302211 CAN.X: 0x00000702 - RMT
1968302585 CAN.R: 0x00000702 - 0x85 
1968302599 Node 2 state changed from 1 to 5
1968302611 Amp 2, (type 0x03a4) Getting initial status
1968302622 CAN.X: 0x00000602 - 0x2f 0x02 0x20 0x00 0x00 0x00 0x00 0x00 
1968303238 CAN.R: 0x00000182 - 0xf6 0x0f 0x70 0x07 0x00 0xf0 0x00 0x00 
1968303255 Amp 2 status 0x0000f000 0x0770 0x0ff6
1968303334 CAN.R: 0x00000582 - 0x60 0x02 0x20 0x00 0x00 0x00 0x00 0x00 
1968303365 Amp 2, Setting up synch
1968303379 CAN.X: 0x00000602 - 0x23 0x06 0x10 0x00 0x10 0x27 0x00 0x00 
1968303461 CAN.R: 0x00000182 - 0xf6 0x0f 0x70 0x07 0x00 0xf0 0x00 0x00 
1968303964 CAN.R: 0x00000582 - 0x60 0x06 0x10 0x00 0x00 0x00 0x00 0x00 
1968303989 CAN.X: 0x00000602 - 0x23 0x05 0x10 0x00 0x80 0x00 0x00 0x00 
1968304459 CAN.R: 0x00000080 - 
1968304587 CAN.R: 0x00000582 - 0x60 0x05 0x10 0x00 0x00 0x00 0x00 0x00 
1968304614 Amp 2, setting up node guarding
1968304631 CAN.X: 0x00000602 - 0x2f 0x0d 0x10 0x00 0x03 0x00 0x00 0x00 
1968305211 CAN.R: 0x00000582 - 0x60 0x0d 0x10 0x00 0x00 0x00 0x00 0x00 
1968305238 CAN.X: 0x00000602 - 0x2b 0x0c 0x10 0x00 0xc8 0x00 0x00 0x00 
1968305853 CAN.R: 0x00000582 - 0x60 0x0c 0x10 0x00 0x00 0x00 0x00 0x00 
1968305878 CAN.X: 0x00000602 - 0x2b 0x17 0x10 0x00 0x00 0x00 0x00 0x00 
1968306461 CAN.R: 0x00000582 - 0x60 0x17 0x10 0x00 0x00 0x00 0x00 0x00 
1968306485 Amp 2, Stopping sync production
1968307076 CAN.X: 0x00000602 - 0x40 0x05 0x10 0x00 0x00 0x00 0x00 0x00 
1968307745 CAN.R: 0x00000582 - 0x43 0x05 0x10 0x00 0x80 0x00 0x00 0x00 
1968307770 Amp 2, Configuring timestamp PDO
1968308373 CAN.X: 0x00000602 - 0x40 0x04 0x14 0x01 0x00 0x00 0x00 0x00 
1968308976 CAN.R: 0x00000582 - 0x43 0x04 0x14 0x01 0x80 0x01 0x00 0x80 
1968309005 CAN.X: 0x00000602 - 0x40 0x04 0x16 0x00 0x00 0x00 0x00 0x00 
1968309599 CAN.R: 0x00000582 - 0x4f 0x04 0x16 0x00 0x01 0x00 0x00 0x00 
1968309622 CAN.X: 0x00000602 - 0x40 0x04 0x16 0x01 0x00 0x00 0x00 0x00 
1968310223 CAN.R: 0x00000582 - 0x43 0x04 0x16 0x01 0x20 0x00 0x13 0x10 
1968310246 CAN.X: 0x00000602 - 0x40 0x04 0x14 0x01 0x00 0x00 0x00 0x00 
1968310849 CAN.R: 0x00000582 - 0x43 0x04 0x14 0x01 0x80 0x01 0x00 0x80 
1968310873 CAN.X: 0x00000602 - 0x40 0x04 0x14 0x02 0x00 0x00 0x00 0x00 
1968311473 CAN.R: 0x00000582 - 0x4f 0x04 0x14 0x02 0xff 0x01 0x00 0x80 
1968311496 CAN.X: 0x00000602 - 0x23 0x04 0x14 0x01 0x80 0x01 0x00 0x00 
1968312095 CAN.R: 0x00000582 - 0x60 0x04 0x14 0x01 0x00 0x00 0x00 0x00 
1968312327 Amp 2, clearing event latch
1968312336 CAN.X: 0x00000602 - 0x23 0x81 0x21 0x00 0xff 0xff 0xff 0xff 
1968312973 CAN.R: 0x00000582 - 0x60 0x81 0x21 0x00 0x00 0x00 0x00 0x00 
1968312991 Amp 2, clearing faults
1968312997 Amp 2 control 0x0085
1968313006 CAN.X: 0x00000602 - 0x2b 0x40 0x60 0x00 0x85 0x00 0x00 0x00 
1968313601 CAN.R: 0x00000582 - 0x60 0x40 0x60 0x00 0x00 0x00 0x00 0x00 
1968313627 Amp 2 control 0x0005
1968313639 CAN.X: 0x00000602 - 0x2b 0x40 0x60 0x00 0x05 0x00 0x00 0x00 
1968314221 CAN.R: 0x00000582 - 0x60 0x40 0x60 0x00 0x00 0x00 0x00 0x00 
1968314237 Amp 2, Enabling amp
1968314248 Amp 2 control 0x000f
1968314256 CAN.X: 0x00000602 - 0x2b 0x40 0x60 0x00 0x0f 0x00 0x00 0x00 
1968314343 CAN.R: 0x00000080 - 
1968315473 CAN.R: 0x00000582 - 0x60 0x40 0x60 0x00 0x00 0x00 0x00 0x00 
1968315592 CAN.R: 0x00000182 - 0xf6 0x0f 0x37 0x07 0x00 0x00 0x00 0x00 
1968315606 Amp 2 status 0x00000000 0x0737 0x0ff6
1968315619 Amp 2, init done
1968315624 Amp 3 Init
1968315634 Amp 3, checking ID
1968315641 CAN.X: 0x00000603 - 0x40 0x18 0x10 0x00 0x00 0x00 0x00 0x00 
1968316223 CAN.R: 0x00000583 - 0x4f 0x18 0x10 0x00 0x04 0x00 0x00 0x00 
1968316245 CAN.X: 0x00000603 - 0x40 0x18 0x10 0x01 0x00 0x00 0x00 0x00 
1968316865 CAN.R: 0x00000081 - 0x00 0x00 0x81 0x00 0x00 0x02 0x00 0x00 
1968317100 CAN.R: 0x00000583 - 0x43 0x18 0x10 0x01 0xab 0x00 0x00 0x00 
1968317122 CAN.X: 0x00000603 - 0x40 0x18 0x10 0x02 0x00 0x00 0x00 0x00 
1968317724 CAN.R: 0x00000583 - 0x43 0x18 0x10 0x02 0xa0 0x03 0x00 0x00 
1968317745 CAN.X: 0x00000603 - 0x40 0x18 0x10 0x03 0x00 0x00 0x00 0x00 
1968318351 CAN.R: 0x00000583 - 0x43 0x18 0x10 0x03 0x03 0x00 0x01 0x00 
1968318376 CAN.X: 0x00000603 - 0x40 0x18 0x10 0x04 0x00 0x00 0x00 0x00 
1968318997 CAN.R: 0x00000583 - 0x43 0x18 0x10 0x04 0xb0 0x93 0xcd 0x37 
1968319024 CAN.X: 0x00000603 - 0x40 0x10 0x65 0x18 0x00 0x00 0x00 0x00 
1968319597 CAN.R: 0x00000583 - 0x4b 0x10 0x65 0x18 0x4e 0x01 0xcd 0x37 
1968319616 Amp 3, setting default stop modes
1968319627 CAN.X: 0x00000603 - 0x2b 0x5a 0x60 0x00 0x02 0x00 0x00 0x00 
1968320227 CAN.R: 0x00000583 - 0x60 0x5a 0x60 0x00 0x00 0x00 0x00 0x00 
1968320252 CAN.X: 0x00000603 - 0x2b 0x5d 0x60 0x00 0x01 0x00 0x00 0x00 
1968320847 CAN.R: 0x00000583 - 0x60 0x5d 0x60 0x00 0x00 0x00 0x00 0x00 
1968320869 CAN.X: 0x00000603 - 0x40 0x00 0x23 0x00 0x00 0x00 0x00 0x00 
1968321471 CAN.R: 0x00000583 - 0x4b 0x00 0x23 0x00 0x1e 0x00 0x00 0x00 
1968321491 CAN.X: 0x00000603 - 0x40 0x60 0x60 0x00 0x00 0x00 0x00 0x00 
1968322100 CAN.R: 0x00000583 - 0x4f 0x60 0x60 0x00 0x06 0x00 0x00 0x00 
1968322121 CAN.X: 0x00000603 - 0x40 0x40 0x60 0x00 0x00 0x00 0x00 0x00 
1968322729 CAN.R: 0x00000583 - 0x4b 0x40 0x60 0x00 0x05 0x00 0x00 0x00 
1968322752 CAN.X: 0x00000603 - 0x40 0x98 0x60 0x00 0x00 0x00 0x00 0x00 
1968323350 CAN.R: 0x00000583 - 0x4f 0x98 0x60 0x00 0x22 0x00 0x00 0x00 
1968323372 CAN.X: 0x00000603 - 0x40 0x13 0x20 0x00 0x00 0x00 0x00 0x00 
1968323970 CAN.R: 0x00000583 - 0x4b 0x13 0x20 0x00 0x00 0x00 0x00 0x00 
1968323985 Amp 3, Initial mode is 0x1e06
1968323993 CAN.X: 0x00000603 - 0x40 0x10 0x65 0x0d 0x00 0x00 0x00 0x00 
1968324461 CAN.R: 0x00000080 - 
1968324593 CAN.R: 0x00000583 - 0x4b 0x10 0x65 0x0d 0xa4 0x03 0x00 0x00 
1968324612 CAN.X: 0x00000603 - 0x40 0x10 0x64 0x01 0x00 0x00 0x00 0x00 
1968325221 CAN.R: 0x00000583 - 0x4b 0x10 0x64 0x01 0x30 0x00 0x00 0x00 
1968325244 Amp 3, Initting PDOs
1968325255 CAN.X: 0x00000603 - 0x40 0x00 0x18 0x01 0x00 0x00 0x00 0x00 
1968325869 CAN.R: 0x00000583 - 0x43 0x00 0x18 0x01 0x83 0x01 0x00 0x00 
1968325893 CAN.X: 0x00000603 - 0x23 0x00 0x18 0x01 0x83 0x01 0x00 0x80 
1968326476 CAN.R: 0x00000082 - 0x00 0x00 0x00 0x00 0x00 0x00 0x00 0x00 
1968326593 CAN.R: 0x00000583 - 0x60 0x00 0x18 0x01 0x00 0x00 0x00 0x00 
1968326617 CAN.X: 0x00000603 - 0x40 0x00 0x14 0x01 0x00 0x00 0x00 0x00 
1968327223 CAN.R: 0x00000583 - 0x43 0x00 0x14 0x01 0x03 0x02 0x00 0x00 
1968327247 CAN.X: 0x00000603 - 0x23 0x00 0x14 0x01 0x03 0x02 0x00 0x80 
1968327844 CAN.R: 0x00000583 - 0x60 0x00 0x14 0x01 0x00 0x00 0x00 0x00 
1968327866 CAN.X: 0x00000603 - 0x40 0x01 0x18 0x01 0x00 0x00 0x00 0x00 
1968328474 CAN.R: 0x00000583 - 0x43 0x01 0x18 0x01 0x83 0x02 0x00 0x00 
1968328495 CAN.X: 0x00000603 - 0x23 0x01 0x18 0x01 0x83 0x02 0x00 0x80 
1968329100 CAN.R: 0x00000583 - 0x60 0x01 0x18 0x01 0x00 0x00 0x00 0x00 
1968329124 CAN.X: 0x00000603 - 0x40 0x01 0x14 0x01 0x00 0x00 0x00 0x00 
1968329723 CAN.R: 0x00000583 - 0x43 0x01 0x14 0x01 0x03 0x03 0x00 0x80 
1968329750 CAN.X: 0x00000603 - 0x40 0x02 0x18 0x01 0x00 0x00 0x00 0x00 
1968330349 CAN.R: 0x00000583 - 0x43 0x02 0x18 0x01 0x83 0x03 0x00 0x80 
1968330374 CAN.X: 0x00000603 - 0x40 0x02 0x14 0x01 0x00 0x00 0x00 0x00 
1968330976 CAN.R: 0x00000583 - 0x43 0x02 0x14 0x01 0x03 0x04 0x00 0x80 
1968331001 CAN.X: 0x00000603 - 0x40 0x03 0x18 0x01 0x00 0x00 0x00 0x00 
1968331599 CAN.R: 0x00000583 - 0x43 0x03 0x18 0x01 0x83 0x04 0x00 0x80 
1968331643 CAN.X: 0x00000603 - 0x40 0x03 0x14 0x01 0x00 0x00 0x00 0x00 
1968332223 CAN.R: 0x00000583 - 0x43 0x03 0x14 0x01 0x03 0x05 0x00 0x80 
1968332250 CAN.X: 0x00000603 - 0x40 0x04 0x18 0x01 0x00 0x00 0x00 0x00 
1968332851 CAN.R: 0x00000583 - 0x43 0x04 0x18 0x01 0x00 0x00 0x00 0x80 
1968332875 CAN.X: 0x00000603 - 0x40 0x04 0x14 0x01 0x00 0x00 0x00 0x00 
1968333477 CAN.R: 0x00000583 - 0x43 0x04 0x14 0x01 0x80 0x01 0x00 0x00 
1968333502 CAN.X: 0x00000603 - 0x23 0x04 0x14 0x01 0x80 0x01 0x00 0x80 
1968334095 CAN.R: 0x00000583 - 0x60 0x04 0x14 0x01 0x00 0x00 0x00 0x00 
1968334119 CAN.X: 0x00000603 - 0x40 0x05 0x18 0x01 0x00 0x00 0x00 0x00 
1968334343 CAN.R: 0x00000080 - 
1968334719 CAN.R: 0x00000583 - 0x43 0x05 0x18 0x01 0x00 0x00 0x00 0x80 
1968334742 CAN.X: 0x00000603 - 0x40 0x05 0x14 0x01 0x00 0x00 0x00 0x00 
1968335346 CAN.R: 0x00000583 - 0x43 0x05 0x14 0x01 0x00 0x00 0x00 0x80 
1968335368 CAN.X: 0x00000603 - 0x40 0x06 0x18 0x01 0x00 0x00 0x00 0x00 
1968335982 CAN.R: 0x00000583 - 0x43 0x06 0x18 0x01 0x00 0x00 0x00 0x80 
1968336014 CAN.X: 0x00000603 - 0x40 0x06 0x14 0x01 0x00 0x00 0x00 0x00 
1968336599 CAN.R: 0x00000583 - 0x43 0x06 0x14 0x01 0x00 0x00 0x00 0x80 
1968336628 CAN.X: 0x00000603 - 0x40 0x07 0x18 0x01 0x00 0x00 0x00 0x00 
1968337226 CAN.R: 0x00000583 - 0x43 0x07 0x18 0x01 0x00 0x00 0x00 0x80 
1968337252 CAN.X: 0x00000603 - 0x40 0x07 0x14 0x01 0x00 0x00 0x00 0x00 
1968337847 CAN.R: 0x00000583 - 0x43 0x07 0x14 0x01 0x00 0x00 0x00 0x80 
1968337887 Amp 3 Status PDO Init
1968337901 CAN.X: 0x00000603 - 0x40 0x00 0x18 0x01 0x00 0x00 0x00 0x00 
1968338474 CAN.R: 0x00000583 - 0x43 0x00 0x18 0x01 0x83 0x01 0x00 0x80 
1968338499 CAN.X: 0x00000603 - 0x40 0x00 0x1a 0x00 0x00 0x00 0x00 0x00 
1968339096 CAN.R: 0x00000583 - 0x4f 0x00 0x1a 0x00 0x03 0x00 0x00 0x00 
1968339117 CAN.X: 0x00000603 - 0x40 0x00 0x1a 0x01 0x00 0x00 0x00 0x00 
1968339726 CAN.R: 0x00000583 - 0x43 0x00 0x1a 0x01 0x10 0x00 0x90 0x21 
1968339748 CAN.X: 0x00000603 - 0x40 0x00 0x1a 0x02 0x00 0x00 0x00 0x00 
1968340350 CAN.R: 0x00000583 - 0x43 0x00 0x1a 0x02 0x10 0x00 0x41 0x60 
1968340370 CAN.X: 0x00000603 - 0x40 0x00 0x1a 0x03 0x00 0x00 0x00 0x00 
1968340991 CAN.R: 0x00000583 - 0x43 0x00 0x1a 0x03 0x20 0x00 0x02 0x10 
1968341011 CAN.X: 0x00000603 - 0x40 0x00 0x18 0x01 0x00 0x00 0x00 0x00 
1968341598 CAN.R: 0x00000583 - 0x43 0x00 0x18 0x01 0x83 0x01 0x00 0x80 
1968341622 CAN.X: 0x00000603 - 0x40 0x00 0x18 0x02 0x00 0x00 0x00 0x00 
1968342225 CAN.R: 0x00000583 - 0x4f 0x00 0x18 0x02 0xff 0x01 0x00 0x80 
1968342255 CAN.X: 0x00000603 - 0x23 0x00 0x18 0x01 0x83 0x01 0x00 0x00 
1968342850 CAN.R: 0x00000583 - 0x60 0x00 0x18 0x01 0x00 0x00 0x00 0x00 
1968342882 Amp 3 Status PDO Init finished successfully
1968342894 Amp 3 Initting PVT status PDO for 1 axes
1968342905 CAN.X: 0x00000603 - 0x40 0x01 0x18 0x01 0x00 0x00 0x00 0x00 
1968343598 CAN.R: 0x00000583 - 0x43 0x01 0x18 0x01 0x83 0x02 0x00 0x80 
1968343628 CAN.X: 0x00000603 - 0x40 0x01 0x1a 0x00 0x00 0x00 0x00 0x00 
1968344223 CAN.R: 0x00000583 - 0x4f 0x01 0x1a 0x00 0x01 0x00 0x00 0x00 
1968344265 CAN.X: 0x00000603 - 0x40 0x01 0x1a 0x01 0x00 0x00 0x00 0x00 
1968344342 CAN.R: 0x00000080 - 
1968344845 CAN.R: 0x00000583 - 0x43 0x01 0x1a 0x01 0x20 0x00 0x12 0x20 
1968344875 CAN.X: 0x00000603 - 0x40 0x01 0x18 0x01 0x00 0x00 0x00 0x00 
1968345475 CAN.R: 0x00000583 - 0x43 0x01 0x18 0x01 0x83 0x02 0x00 0x80 
1968345496 CAN.X: 0x00000603 - 0x40 0x01 0x18 0x02 0x00 0x00 0x00 0x00 
1968346100 CAN.R: 0x00000583 - 0x4f 0x01 0x18 0x02 0xff 0x02 0x00 0x80 
1968346129 CAN.X: 0x00000603 - 0x23 0x01 0x18 0x01 0x83 0x02 0x00 0x00 
1968346722 CAN.R: 0x00000583 - 0x60 0x01 0x18 0x01 0x00 0x00 0x00 0x00 
1968346752 Amp 3 PVT status PDO init ended successfully
1968346776 CAN.X: 0x00000603 - 0x40 0x00 0x14 0x01 0x00 0x00 0x00 0x00 
1968347348 CAN.R: 0x00000583 - 0x43 0x00 0x14 0x01 0x03 0x02 0x00 0x80 
1968347377 CAN.X: 0x00000603 - 0x40 0x00 0x16 0x00 0x00 0x00 0x00 0x00 
1968347972 CAN.R: 0x00000583 - 0x4f 0x00 0x16 0x00 0x01 0x00 0x00 0x00 
1968347995 CAN.X: 0x00000603 - 0x40 0x00 0x16 0x01 0x00 0x00 0x00 0x00 
1968348724 CAN.R: 0x00000583 - 0x43 0x00 0x16 0x01 0x40 0x00 0x10 0x20 
1968348750 CAN.X: 0x00000603 - 0x40 0x00 0x14 0x01 0x00 0x00 0x00 0x00 
1968349350 CAN.R: 0x00000583 - 0x43 0x00 0x14 0x01 0x03 0x02 0x00 0x80 
1968349375 CAN.X: 0x00000603 - 0x40 0x00 0x14 0x02 0x00 0x00 0x00 0x00 
1968349974 CAN.R: 0x00000583 - 0x4f 0x00 0x14 0x02 0xff 0x02 0x00 0x80 
1968350005 CAN.X: 0x00000603 - 0x23 0x00 0x14 0x01 0x03 0x02 0x00 0x00 
1968350598 CAN.R: 0x00000583 - 0x60 0x00 0x14 0x01 0x00 0x00 0x00 0x00 
1968350627 Amp 3, starting node
1968350634 CAN.X: 0x00000000 - 0x01 0x03 
1968350849 CAN.X: 0x00000703 - RMT
1968351217 CAN.R: 0x00000703 - 0x05 
1968351227 Node 3 state changed from 1 to 5
1968351244 Amp 3, (type 0x03a4) Getting initial status
1968351257 CAN.X: 0x00000603 - 0x2f 0x02 0x20 0x00 0x00 0x00 0x00 0x00 
1968351850 CAN.R: 0x00000183 - 0xf4 0x0f 0x70 0x2f 0x00 0xf2 0x00 0x00 
1968351873 Amp 3 status 0x0000f200 0x2f70 0x0ff4
1968351968 CAN.R: 0x00000583 - 0x60 0x02 0x20 0x00 0x00 0x00 0x00 0x00 
1968352001 Amp 3, Setting up synch
1968352011 CAN.X: 0x00000603 - 0x23 0x06 0x10 0x00 0x10 0x27 0x00 0x00 
1968352092 CAN.R: 0x00000183 - 0xf4 0x0f 0x70 0x2f 0x00 0xf2 0x00 0x00 
1968352594 CAN.R: 0x00000583 - 0x60 0x06 0x10 0x00 0x00 0x00 0x00 0x00 
1968352621 CAN.X: 0x00000603 - 0x23 0x05 0x10 0x00 0x80 0x00 0x00 0x00 
1968353239 CAN.R: 0x00000583 - 0x60 0x05 0x10 0x00 0x00 0x00 0x00 0x00 
1968353266 Amp 3, setting up node guarding
1968353277 CAN.X: 0x00000603 - 0x2f 0x0d 0x10 0x00 0x03 0x00 0x00 0x00 
1968353976 CAN.R: 0x00000583 - 0x60 0x0d 0x10 0x00 0x00 0x00 0x00 0x00 
1968354004 CAN.X: 0x00000603 - 0x2b 0x0c 0x10 0x00 0xc8 0x00 0x00 0x00 
1968354465 CAN.R: 0x00000080 - 
1968354596 CAN.R: 0x00000583 - 0x60 0x0c 0x10 0x00 0x00 0x00 0x00 0x00 
1968354622 CAN.X: 0x00000603 - 0x2b 0x17 0x10 0x00 0x00 0x00 0x00 0x00 
1968355223 CAN.R: 0x00000583 - 0x60 0x17 0x10 0x00 0x00 0x00 0x00 0x00 
1968355251 Amp 3, Stopping sync production
1968355270 CAN.X: 0x00000603 - 0x40 0x05 0x10 0x00 0x00 0x00 0x00 0x00 
1968355848 CAN.R: 0x00000583 - 0x43 0x05 0x10 0x00 0x80 0x00 0x00 0x00 
1968355875 Amp 3, Configuring timestamp PDO
1968355900 CAN.X: 0x00000603 - 0x40 0x04 0x14 0x01 0x00 0x00 0x00 0x00 
1968356473 CAN.R: 0x00000583 - 0x43 0x04 0x14 0x01 0x80 0x01 0x00 0x80 
1968356498 CAN.X: 0x00000603 - 0x40 0x04 0x16 0x00 0x00 0x00 0x00 0x00 
1968357095 CAN.R: 0x00000583 - 0x4f 0x04 0x16 0x00 0x01 0x00 0x00 0x00 
1968357116 CAN.X: 0x00000603 - 0x40 0x04 0x16 0x01 0x00 0x00 0x00 0x00 
1968357720 CAN.R: 0x00000583 - 0x43 0x04 0x16 0x01 0x20 0x00 0x13 0x10 
1968357744 CAN.X: 0x00000603 - 0x40 0x04 0x14 0x01 0x00 0x00 0x00 0x00 
1968358372 CAN.R: 0x00000583 - 0x43 0x04 0x14 0x01 0x80 0x01 0x00 0x80 
1968358397 CAN.X: 0x00000603 - 0x40 0x04 0x14 0x02 0x00 0x00 0x00 0x00 
1968358972 CAN.R: 0x00000583 - 0x4f 0x04 0x14 0x02 0xff 0x01 0x00 0x80 
1968359003 CAN.X: 0x00000603 - 0x23 0x04 0x14 0x01 0x80 0x01 0x00 0x00 
1968359600 CAN.R: 0x00000583 - 0x60 0x04 0x14 0x01 0x00 0x00 0x00 0x00 
1968359637 Amp 3, clearing event latch
1968359649 CAN.X: 0x00000603 - 0x23 0x81 0x21 0x00 0xff 0xff 0xff 0xff 
1968360226 CAN.R: 0x00000583 - 0x60 0x81 0x21 0x00 0x00 0x00 0x00 0x00 
1968360246 Amp 3, clearing faults
1968360252 Amp 3 control 0x0085
1968360264 CAN.X: 0x00000603 - 0x2b 0x40 0x60 0x00 0x85 0x00 0x00 0x00 
1968360849 CAN.R: 0x00000583 - 0x60 0x40 0x60 0x00 0x00 0x00 0x00 0x00 
1968360874 Amp 3 control 0x0005
1968360883 CAN.X: 0x00000603 - 0x2b 0x40 0x60 0x00 0x05 0x00 0x00 0x00 
1968361475 CAN.R: 0x00000583 - 0x60 0x40 0x60 0x00 0x00 0x00 0x00 0x00 
1968361496 Amp 3, Enabling amp
1968361508 Amp 3 control 0x000f
1968361518 CAN.X: 0x00000603 - 0x2b 0x40 0x60 0x00 0x0f 0x00 0x00 0x00 
1968362727 CAN.R: 0x00000583 - 0x60 0x40 0x60 0x00 0x00 0x00 0x00 0x00 
1968362850 CAN.R: 0x00000183 - 0xf4 0x0f 0x37 0x2f 0x00 0x02 0x00 0x00 
1968362876 Amp 3 status 0x00000200 0x2f37 0x0ff4
1968362890 Amp 3, init done
1968362895 Amp 4 Init
1968362906 Amp 4, checking ID
1968362913 CAN.X: 0x00000604 - 0x40 0x18 0x10 0x00 0x00 0x00 0x00 0x00 
1968363600 CAN.R: 0x00000083 - 0x00 0x00 0x81 0x00 0x00 0x02 0x00 0x00 
1968363738 CAN.R: 0x00000584 - 0x4f 0x18 0x10 0x00 0x04 0x00 0x00 0x00 
1968363761 CAN.X: 0x00000604 - 0x40 0x18 0x10 0x01 0x00 0x00 0x00 0x00 
1968364361 CAN.R: 0x00000584 - 0x43 0x18 0x10 0x01 0xab 0x00 0x00 0x00 
1968364386 CAN.X: 0x00000604 - 0x40 0x18 0x10 0x02 0x00 0x00 0x00 0x00 
1968364473 CAN.R: 0x00000080 - 
1968364975 CAN.R: 0x00000584 - 0x43 0x18 0x10 0x02 0xa0 0x03 0x00 0x00 
1968365000 CAN.X: 0x00000604 - 0x40 0x18 0x10 0x03 0x00 0x00 0x00 0x00 
1968365599 CAN.R: 0x00000584 - 0x43 0x18 0x10 0x03 0x03 0x00 0x01 0x00 
1968365624 CAN.X: 0x00000604 - 0x40 0x18 0x10 0x04 0x00 0x00 0x00 0x00 
1968366224 CAN.R: 0x00000584 - 0x43 0x18 0x10 0x04 0x73 0xcc 0x9b 0x00 
1968366253 CAN.X: 0x00000604 - 0x40 0x10 0x65 0x18 0x00 0x00 0x00 0x00 
1968366847 CAN.R: 0x00000584 - 0x4b 0x10 0x65 0x18 0x4e 0x01 0x9b 0x00 
1968366866 Amp 4, setting default stop modes
1968366878 CAN.X: 0x00000604 - 0x2b 0x5a 0x60 0x00 0x02 0x00 0x00 0x00 
1968367475 CAN.R: 0x00000584 - 0x60 0x5a 0x60 0x00 0x00 0x00 0x00 0x00 
1968367585 CAN.X: 0x00000604 - 0x2b 0x5d 0x60 0x00 0x01 0x00 0x00 0x00 
1968368217 CAN.R: 0x00000584 - 0x60 0x5d 0x60 0x00 0x00 0x00 0x00 0x00 
1968368274 CAN.X: 0x00000604 - 0x40 0x00 0x23 0x00 0x00 0x00 0x00 0x00 
1968368868 CAN.R: 0x00000584 - 0x4b 0x00 0x23 0x00 0x1e 0x00 0x00 0x00 
1968368895 CAN.X: 0x00000604 - 0x40 0x60 0x60 0x00 0x00 0x00 0x00 0x00 
1968369465 CAN.R: 0x00000584 - 0x4f 0x60 0x60 0x00 0x06 0x00 0x00 0x00 
1968369489 CAN.X: 0x00000604 - 0x40 0x40 0x60 0x00 0x00 0x00 0x00 0x00 
1968370098 CAN.R: 0x00000584 - 0x4b 0x40 0x60 0x00 0x0f 0x00 0x00 0x00 
1968370133 CAN.X: 0x00000604 - 0x40 0x98 0x60 0x00 0x00 0x00 0x00 0x00 
1968370712 CAN.R: 0x00000584 - 0x4f 0x98 0x60 0x00 0x11 0x00 0x00 0x00 
1968370737 CAN.X: 0x00000604 - 0x40 0x13 0x20 0x00 0x00 0x00 0x00 0x00 
1968371339 CAN.R: 0x00000584 - 0x4b 0x13 0x20 0x00 0x00 0x00 0x00 0x00 
1968371363 Amp 4, Initial mode is 0x1e06
1968371373 CAN.X: 0x00000604 - 0x40 0x10 0x65 0x0d 0x00 0x00 0x00 0x00 
1968371968 CAN.R: 0x00000584 - 0x4b 0x10 0x65 0x0d 0xa4 0x03 0x00 0x00 
1968371994 CAN.X: 0x00000604 - 0x40 0x10 0x64 0x01 0x00 0x00 0x00 0x00 
1968372587 CAN.R: 0x00000584 - 0x4b 0x10 0x64 0x01 0x30 0x00 0x00 0x00 
1968372610 Amp 4, Initting PDOs
1968372621 CAN.X: 0x00000604 - 0x40 0x00 0x18 0x01 0x00 0x00 0x00 0x00 
1968373210 CAN.R: 0x00000584 - 0x43 0x00 0x18 0x01 0x84 0x01 0x00 0x00 
1968373236 CAN.X: 0x00000604 - 0x23 0x00 0x18 0x01 0x84 0x01 0x00 0x80 
1968373834 CAN.R: 0x00000584 - 0x60 0x00 0x18 0x01 0x00 0x00 0x00 0x00 
1968373858 CAN.X: 0x00000604 - 0x40 0x00 0x14 0x01 0x00 0x00 0x00 0x00 
1968374332 CAN.R: 0x00000080 - 
1968374455 CAN.R: 0x00000584 - 0x43 0x00 0x14 0x01 0x04 0x02 0x00 0x00 
1968374477 CAN.X: 0x00000604 - 0x23 0x00 0x14 0x01 0x04 0x02 0x00 0x80 
1968374579 CAN.R: 0x00000180 - 0x2c 0x0e 0xdd 0xf7 
1968375105 CAN.R: 0x00000584 - 0x60 0x00 0x14 0x01 0x00 0x00 0x00 0x00 
1968375130 CAN.X: 0x00000604 - 0x40 0x01 0x18 0x01 0x00 0x00 0x00 0x00 
1968375712 CAN.R: 0x00000584 - 0x43 0x01 0x18 0x01 0x84 0x02 0x00 0x00 
1968375738 CAN.X: 0x00000604 - 0x23 0x01 0x18 0x01 0x84 0x02 0x00 0x80 
1968376333 CAN.R: 0x00000584 - 0x60 0x01 0x18 0x01 0x00 0x00 0x00 0x00 
1968376358 CAN.X: 0x00000604 - 0x40 0x01 0x14 0x01 0x00 0x00 0x00 0x00 
1968376963 CAN.R: 0x00000584 - 0x43 0x01 0x14 0x01 0x04 0x03 0x00 0x80 
1968376990 CAN.X: 0x00000604 - 0x40 0x02 0x18 0x01 0x00 0x00 0x00 0x00 
1968377583 CAN.R: 0x00000584 - 0x43 0x02 0x18 0x01 0x84 0x03 0x00 0x80 
1968377608 CAN.X: 0x00000604 - 0x40 0x02 0x14 0x01 0x00 0x00 0x00 0x00 
1968378208 CAN.R: 0x00000584 - 0x43 0x02 0x14 0x01 0x04 0x04 0x00 0x80 
1968378234 CAN.X: 0x00000604 - 0x40 0x03 0x18 0x01 0x00 0x00 0x00 0x00 
1968378856 CAN.R: 0x00000584 - 0x43 0x03 0x18 0x01 0x84 0x04 0x00 0x80 
1968378882 CAN.X: 0x00000604 - 0x40 0x03 0x14 0x01 0x00 0x00 0x00 0x00 
1968379461 CAN.R: 0x00000584 - 0x43 0x03 0x14 0x01 0x04 0x05 0x00 0x80 
1968379489 CAN.X: 0x00000604 - 0x40 0x04 0x18 0x01 0x00 0x00 0x00 0x00 
1968380085 CAN.R: 0x00000584 - 0x43 0x04 0x18 0x01 0x00 0x00 0x00 0x80 
1968380141 CAN.X: 0x00000604 - 0x40 0x04 0x14 0x01 0x00 0x00 0x00 0x00 
1968380711 CAN.R: 0x00000584 - 0x43 0x04 0x14 0x01 0x80 0x01 0x00 0x00 
1968380743 CAN.X: 0x00000604 - 0x23 0x04 0x14 0x01 0x80 0x01 0x00 0x80 
1968381339 CAN.R: 0x00000584 - 0x60 0x04 0x14 0x01 0x00 0x00 0x00 0x00 
1968381371 CAN.X: 0x00000604 - 0x40 0x05 0x18 0x01 0x00 0x00 0x00 0x00 
1968381963 CAN.R: 0x00000584 - 0x43 0x05 0x18 0x01 0x00 0x00 0x00 0x80 
1968381992 CAN.X: 0x00000604 - 0x40 0x05 0x14 0x01 0x00 0x00 0x00 0x00 
1968382588 CAN.R: 0x00000584 - 0x43 0x05 0x14 0x01 0x00 0x00 0x00 0x80 
1968382617 CAN.X: 0x00000604 - 0x40 0x06 0x18 0x01 0x00 0x00 0x00 0x00 
1968383211 CAN.R: 0x00000584 - 0x43 0x06 0x18 0x01 0x00 0x00 0x00 0x80 
1968383247 CAN.X: 0x00000604 - 0x40 0x06 0x14 0x01 0x00 0x00 0x00 0x00 
1968383836 CAN.R: 0x00000584 - 0x43 0x06 0x14 0x01 0x00 0x00 0x00 0x80 
1968383857 CAN.X: 0x00000604 - 0x40 0x07 0x18 0x01 0x00 0x00 0x00 0x00 
1968384337 CAN.R: 0x00000080 - 
1968384455 CAN.R: 0x00000584 - 0x43 0x07 0x18 0x01 0x00 0x00 0x00 0x80 
1968384481 CAN.X: 0x00000604 - 0x40 0x07 0x14 0x01 0x00 0x00 0x00 0x00 
1968385101 CAN.R: 0x00000584 - 0x43 0x07 0x14 0x01 0x00 0x00 0x00 0x80 
1968385128 Amp 4 Status PDO Init
1968385139 CAN.X: 0x00000604 - 0x40 0x00 0x18 0x01 0x00 0x00 0x00 0x00 
1968385708 CAN.R: 0x00000584 - 0x43 0x00 0x18 0x01 0x84 0x01 0x00 0x80 
1968385741 CAN.X: 0x00000604 - 0x40 0x00 0x1a 0x00 0x00 0x00 0x00 0x00 
1968386347 CAN.R: 0x00000584 - 0x4f 0x00 0x1a 0x00 0x03 0x00 0x00 0x00 
1968386373 CAN.X: 0x00000604 - 0x40 0x00 0x1a 0x01 0x00 0x00 0x00 0x00 
1968386962 CAN.R: 0x00000584 - 0x43 0x00 0x1a 0x01 0x10 0x00 0x90 0x21 
1968386993 CAN.X: 0x00000604 - 0x40 0x00 0x1a 0x02 0x00 0x00 0x00 0x00 
1968387589 CAN.R: 0x00000584 - 0x43 0x00 0x1a 0x02 0x10 0x00 0x41 0x60 
1968387609 CAN.X: 0x00000604 - 0x40 0x00 0x1a 0x03 0x00 0x00 0x00 0x00 
1968388244 CAN.R: 0x00000584 - 0x43 0x00 0x1a 0x03 0x20 0x00 0x02 0x10 
1968388278 CAN.X: 0x00000604 - 0x40 0x00 0x18 0x01 0x00 0x00 0x00 0x00 
1968388834 CAN.R: 0x00000584 - 0x43 0x00 0x18 0x01 0x84 0x01 0x00 0x80 
1968388868 CAN.X: 0x00000604 - 0x40 0x00 0x18 0x02 0x00 0x00 0x00 0x00 
1968389473 CAN.R: 0x00000584 - 0x4f 0x00 0x18 0x02 0xff 0x01 0x00 0x80 
1968389514 CAN.X: 0x00000604 - 0x23 0x00 0x18 0x01 0x84 0x01 0x00 0x00 
1968390096 CAN.R: 0x00000584 - 0x60 0x00 0x18 0x01 0x00 0x00 0x00 0x00 
1968390133 Amp 4 Status PDO Init finished successfully
1968390145 Amp 4 Initting PVT status PDO for 1 axes
1968390161 CAN.X: 0x00000604 - 0x40 0x01 0x18 0x01 0x00 0x00 0x00 0x00 
1968390723 CAN.R: 0x00000584 - 0x43 0x01 0x18 0x01 0x84 0x02 0x00 0x80 
1968390754 CAN.X: 0x00000604 - 0x40 0x01 0x1a 0x00 0x00 0x00 0x00 0x00 
1968391339 CAN.R: 0x00000584 - 0x4f 0x01 0x1a 0x00 0x01 0x00 0x00 0x00 
1968391364 CAN.X: 0x00000604 - 0x40 0x01 0x1a 0x01 0x00 0x00 0x00 0x00 
1968391961 CAN.R: 0x00000584 - 0x43 0x01 0x1a 0x01 0x20 0x00 0x12 0x20 
1968391998 CAN.X: 0x00000604 - 0x40 0x01 0x18 0x01 0x00 0x00 0x00 0x00 
1968392595 CAN.R: 0x00000584 - 0x43 0x01 0x18 0x01 0x84 0x02 0x00 0x80 
1968392621 CAN.X: 0x00000604 - 0x40 0x01 0x18 0x02 0x00 0x00 0x00 0x00 
1968393213 CAN.R: 0x00000584 - 0x4f 0x01 0x18 0x02 0xff 0x02 0x00 0x80 
1968393247 CAN.X: 0x00000604 - 0x23 0x01 0x18 0x01 0x84 0x02 0x00 0x00 
1968393832 CAN.R: 0x00000584 - 0x60 0x01 0x18 0x01 0x00 0x00 0x00 0x00 
1968393864 Amp 4 PVT status PDO init ended successfully
1968393891 CAN.X: 0x00000604 - 0x40 0x00 0x14 0x01 0x00 0x00 0x00 0x00 
1968394342 CAN.R: 0x00000080 - 
1968394462 CAN.R: 0x00000584 - 0x43 0x00 0x14 0x01 0x04 0x02 0x00 0x80 
1968394491 CAN.X: 0x00000604 - 0x40 0x00 0x16 0x00 0x00 0x00 0x00 0x00 
1968395087 CAN.R: 0x00000584 - 0x4f 0x00 0x16 0x00 0x01 0x00 0x00 0x00 
1968395112 CAN.X: 0x00000604 - 0x40 0x00 0x16 0x01 0x00 0x00 0x00 0x00 
1968395711 CAN.R: 0x00000584 - 0x43 0x00 0x16 0x01 0x40 0x00 0x10 0x20 
1968395739 CAN.X: 0x00000604 - 0x40 0x00 0x14 0x01 0x00 0x00 0x00 0x00 
1968396341 CAN.R: 0x00000584 - 0x43 0x00 0x14 0x01 0x04 0x02 0x00 0x80 
1968396368 CAN.X: 0x00000604 - 0x40 0x00 0x14 0x02 0x00 0x00 0x00 0x00 
1968396957 CAN.R: 0x00000584 - 0x4f 0x00 0x14 0x02 0xff 0x02 0x00 0x80 
1968397013 CAN.X: 0x00000604 - 0x23 0x00 0x14 0x01 0x04 0x02 0x00 0x00 
1968397585 CAN.R: 0x00000584 - 0x60 0x00 0x14 0x01 0x00 0x00 0x00 0x00 
1968397615 Amp 4, starting node
1968397622 CAN.X: 0x00000000 - 0x01 0x04 
1968397838 CAN.X: 0x00000704 - RMT
1968398088 CAN.R: 0x00000704 - 0x05 
1968398100 Node 4 state changed from 1 to 5
1968398115 Amp 4, (type 0x03a4) Getting initial status
1968398127 CAN.X: 0x00000604 - 0x2f 0x02 0x20 0x00 0x00 0x00 0x00 0x00 
1968398709 CAN.R: 0x00000584 - 0x60 0x02 0x20 0x00 0x00 0x00 0x00 0x00 
1968398833 CAN.R: 0x00000184 - 0xf0 0x0f 0x37 0x06 0x00 0x00 0x00 0x40 
1968398854 Amp 4 status 0x40000000 0x0637 0x0ff0
1968398869 Amp 4, Setting up synch
1968398880 CAN.X: 0x00000604 - 0x23 0x06 0x10 0x00 0x10 0x27 0x00 0x00 
1968398955 CAN.R: 0x00000184 - 0xf0 0x0f 0x37 0x06 0x00 0x00 0x00 0x00 
1968398970 Amp 4 status 0x00000000 0x0637 0x0ff0
1968399459 CAN.R: 0x00000584 - 0x60 0x06 0x10 0x00 0x00 0x00 0x00 0x00 
1968399484 CAN.X: 0x00000604 - 0x23 0x05 0x10 0x00 0x80 0x00 0x00 0x00 
1968400088 CAN.R: 0x00000584 - 0x60 0x05 0x10 0x00 0x00 0x00 0x00 0x00 
1968400108 Amp 4, setting up node guarding
1968400120 CAN.X: 0x00000604 - 0x2f 0x0d 0x10 0x00 0x03 0x00 0x00 0x00 
1968400708 CAN.R: 0x00000584 - 0x60 0x0d 0x10 0x00 0x00 0x00 0x00 0x00 
1968400734 CAN.X: 0x00000604 - 0x2b 0x0c 0x10 0x00 0xc8 0x00 0x00 0x00 
1968401337 CAN.R: 0x00000584 - 0x60 0x0c 0x10 0x00 0x00 0x00 0x00 0x00 
1968401361 CAN.X: 0x00000604 - 0x2b 0x17 0x10 0x00 0x00 0x00 0x00 0x00 
1968401961 CAN.R: 0x00000584 - 0x60 0x17 0x10 0x00 0x00 0x00 0x00 0x00 
1968401984 Amp 4, Stopping sync production
1968401995 CAN.X: 0x00000604 - 0x40 0x05 0x10 0x00 0x00 0x00 0x00 0x00 
1968402582 CAN.R: 0x00000584 - 0x43 0x05 0x10 0x00 0x80 0x00 0x00 0x00 
1968402610 Amp 4, Configuring timestamp PDO
1968402629 CAN.X: 0x00000604 - 0x40 0x04 0x14 0x01 0x00 0x00 0x00 0x00 
1968403232 CAN.R: 0x00000584 - 0x43 0x04 0x14 0x01 0x80 0x01 0x00 0x80 
1968403258 CAN.X: 0x00000604 - 0x40 0x04 0x16 0x00 0x00 0x00 0x00 0x00 
1968403832 CAN.R: 0x00000584 - 0x4f 0x04 0x16 0x00 0x01 0x00 0x00 0x00 
1968403857 CAN.X: 0x00000604 - 0x40 0x04 0x16 0x01 0x00 0x00 0x00 0x00 
1968404332 CAN.R: 0x00000080 - 
1968404452 CAN.R: 0x00000584 - 0x43 0x04 0x16 0x01 0x20 0x00 0x13 0x10 
1968404474 CAN.X: 0x00000604 - 0x40 0x04 0x14 0x01 0x00 0x00 0x00 0x00 
1968405080 CAN.R: 0x00000584 - 0x43 0x04 0x14 0x01 0x80 0x01 0x00 0x80 
1968405102 CAN.X: 0x00000604 - 0x40 0x04 0x14 0x02 0x00 0x00 0x00 0x00 
1968405711 CAN.R: 0x00000584 - 0x4f 0x04 0x14 0x02 0xff 0x01 0x00 0x80 
1968405738 CAN.X: 0x00000604 - 0x23 0x04 0x14 0x01 0x80 0x01 0x00 0x00 
1968406332 CAN.R: 0x00000584 - 0x60 0x04 0x14 0x01 0x00 0x00 0x00 0x00 
1968406352 Amp 4, clearing event latch
1968406359 CAN.X: 0x00000604 - 0x23 0x81 0x21 0x00 0xff 0xff 0xff 0xff 
1968406984 CAN.R: 0x00000584 - 0x60 0x81 0x21 0x00 0x00 0x00 0x00 0x00 
1968406999 Amp 4, clearing faults
1968407003 Amp 4 control 0x008f
1968407014 CAN.X: 0x00000604 - 0x2b 0x40 0x60 0x00 0x8f 0x00 0x00 0x00 
1968407587 CAN.R: 0x00000584 - 0x60 0x40 0x60 0x00 0x00 0x00 0x00 0x00 
1968407614 Amp 4 control 0x000f
1968407623 CAN.X: 0x00000604 - 0x2b 0x40 0x60 0x00 0x0f 0x00 0x00 0x00 
1968408209 CAN.R: 0x00000584 - 0x60 0x40 0x60 0x00 0x00 0x00 0x00 0x00 
1968408229 Amp 4, Enabling amp
1968408242 Amp 4 control 0x000f
1968408256 CAN.X: 0x00000604 - 0x2b 0x40 0x60 0x00 0x0f 0x00 0x00 0x00 
1968408837 CAN.R: 0x00000584 - 0x60 0x40 0x60 0x00 0x00 0x00 0x00 0x00 
1968408863 Amp 4, init done
1968410315 CAN.X: 0x00000601 - 0x40 0xf9 0x60 0x01 0x00 0x00 0x00 0x00 
1968410970 CAN.R: 0x00000581 - 0x4b 0xf9 0x60 0x01 0xf4 0x01 0x00 0x00 
1968411003 CAN.X: 0x00000601 - 0x40 0xf9 0x60 0x02 0x00 0x00 0x00 0x00 
1968411592 CAN.R: 0x00000581 - 0x4b 0xf9 0x60 0x02 0xe8 0x03 0x00 0x00 
1968411615 CAN.X: 0x00000601 - 0x40 0xf9 0x60 0x03 0x00 0x00 0x00 0x00 
1968412214 CAN.R: 0x00000581 - 0x4b 0xf9 0x60 0x03 0x00 0x00 0x00 0x00 
1968412237 CAN.X: 0x00000601 - 0x40 0xf9 0x60 0x04 0x00 0x00 0x00 0x00 
1968412837 CAN.R: 0x00000581 - 0x4b 0xf9 0x60 0x04 0x00 0x00 0x00 0x00 
1968414556 CAN.R: 0x00000080 - 
1968415914 CAN.X: 0x00000601 - 0x40 0xf9 0x60 0x05 0x00 0x00 0x00 0x00 
1968416591 CAN.R: 0x00000581 - 0x4b 0xf9 0x60 0x05 0x00 0x00 0x00 0x00 
1968416618 CAN.X: 0x00000601 - 0x40 0xf9 0x60 0x06 0x00 0x00 0x00 0x00 
1968417230 CAN.R: 0x00000581 - 0x4b 0xf9 0x60 0x06 0x00 0x00 0x00 0x00 
1968417592 CAN.X: 0x00000601 - 0x40 0x00 0x21 0x00 0x00 0x00 0x00 0x00 
1968418232 CAN.R: 0x00000581 - 0x43 0x00 0x21 0x00 0xd0 0x07 0x00 0x00 
1968418249 CAN.X: 0x00000601 - 0x40 0x01 0x21 0x00 0x00 0x00 0x00 0x00 
1968418836 CAN.R: 0x00000084 - 0x00 0x00 0x00 0x00 0x00 0x00 0x00 0x00 
1968418956 CAN.R: 0x00000581 - 0x43 0x01 0x21 0x00 0xd0 0x07 0x00 0x00 
1968418972 CAN.X: 0x00000601 - 0x40 0x02 0x21 0x00 0x00 0x00 0x00 0x00 
1968419579 CAN.R: 0x00000581 - 0x43 0x02 0x21 0x00 0xd0 0x07 0x00 0x00 
1968419598 CAN.X: 0x00000601 - 0x40 0x03 0x21 0x00 0x00 0x00 0x00 0x00 
1968420211 CAN.R: 0x00000581 - 0x43 0x03 0x21 0x00 0x80 0x1a 0x06 0x00 
1968420530 CAN.X: 0x00000601 - 0x40 0xf9 0x60 0x01 0x00 0x00 0x00 0x00 
1968421084 CAN.R: 0x00000581 - 0x4b 0xf9 0x60 0x01 0xf4 0x01 0x06 0x00 
1968421106 CAN.X: 0x00000601 - 0x40 0xf9 0x60 0x02 0x00 0x00 0x00 0x00 
1968421710 CAN.R: 0x00000581 - 0x4b 0xf9 0x60 0x02 0xe8 0x03 0x06 0x00 
1968421732 CAN.X: 0x00000601 - 0x40 0xf9 0x60 0x03 0x00 0x00 0x00 0x00 
1968422332 CAN.R: 0x00000581 - 0x4b 0xf9 0x60 0x03 0x00 0x00 0x06 0x00 
1968422353 CAN.X: 0x00000601 - 0x40 0xf9 0x60 0x04 0x00 0x00 0x00 0x00 
1968422957 CAN.R: 0x00000581 - 0x4b 0xf9 0x60 0x04 0x00 0x00 0x06 0x00 
1968422978 CAN.X: 0x00000601 - 0x40 0xf9 0x60 0x05 0x00 0x00 0x00 0x00 
1968423587 CAN.R: 0x00000581 - 0x4b 0xf9 0x60 0x05 0x00 0x00 0x06 0x00 
1968423612 CAN.X: 0x00000601 - 0x40 0xf9 0x60 0x06 0x00 0x00 0x00 0x00 
1968424214 CAN.R: 0x00000581 - 0x4b 0xf9 0x60 0x06 0x00 0x00 0x06 0x00 
1968424235 CAN.X: 0x00000601 - 0x40 0x00 0x21 0x00 0x00 0x00 0x00 0x00 
1968424330 CAN.R: 0x00000080 - 
1968424834 CAN.R: 0x00000581 - 0x43 0x00 0x21 0x00 0xd0 0x07 0x00 0x00 
1968424857 CAN.X: 0x00000601 - 0x40 0x01 0x21 0x00 0x00 0x00 0x00 0x00 
1968425460 CAN.R: 0x00000581 - 0x43 0x01 0x21 0x00 0xd0 0x07 0x00 0x00 
1968425484 CAN.X: 0x00000601 - 0x40 0x02 0x21 0x00 0x00 0x00 0x00 0x00 
1968426106 CAN.R: 0x00000581 - 0x43 0x02 0x21 0x00 0xd0 0x07 0x00 0x00 
1968426125 CAN.X: 0x00000601 - 0x40 0x03 0x21 0x00 0x00 0x00 0x00 0x00 
1968426729 CAN.R: 0x00000581 - 0x43 0x03 0x21 0x00 0x80 0x1a 0x06 0x00 
1968427117 CAN.X: 0x00000601 - 0x40 0xf9 0x60 0x01 0x00 0x00 0x00 0x00 
1968427712 CAN.R: 0x00000581 - 0x4b 0xf9 0x60 0x01 0xf4 0x01 0x06 0x00 
1968427737 CAN.X: 0x00000601 - 0x40 0xf9 0x60 0x02 0x00 0x00 0x00 0x00 
1968428335 CAN.R: 0x00000581 - 0x4b 0xf9 0x60 0x02 0xe8 0x03 0x06 0x00 
1968428355 CAN.X: 0x00000601 - 0x40 0xf9 0x60 0x03 0x00 0x00 0x00 0x00 
1968428978 CAN.R: 0x00000581 - 0x4b 0xf9 0x60 0x03 0x00 0x00 0x06 0x00 
1968428997 CAN.X: 0x00000601 - 0x40 0xf9 0x60 0x04 0x00 0x00 0x00 0x00 
1968429586 CAN.R: 0x00000581 - 0x4b 0xf9 0x60 0x04 0x00 0x00 0x06 0x00 
1968429604 CAN.X: 0x00000601 - 0x40 0xf9 0x60 0x05 0x00 0x00 0x00 0x00 
1968430209 CAN.R: 0x00000581 - 0x4b 0xf9 0x60 0x05 0x00 0x00 0x06 0x00 
1968430240 CAN.X: 0x00000601 - 0x40 0xf9 0x60 0x06 0x00 0x00 0x00 0x00 
1968430834 CAN.R: 0x00000581 - 0x4b 0xf9 0x60 0x06 0x00 0x00 0x06 0x00 
1968430854 CAN.X: 0x00000601 - 0x40 0x00 0x21 0x00 0x00 0x00 0x00 0x00 
1968431481 CAN.R: 0x00000581 - 0x43 0x00 0x21 0x00 0xd0 0x07 0x00 0x00 
1968431498 CAN.X: 0x00000601 - 0x40 0x01 0x21 0x00 0x00 0x00 0x00 0x00 
1968432104 CAN.R: 0x00000581 - 0x43 0x01 0x21 0x00 0xd0 0x07 0x00 0x00 
1968432122 CAN.X: 0x00000601 - 0x40 0x02 0x21 0x00 0x00 0x00 0x00 0x00 
1968432731 CAN.R: 0x00000581 - 0x43 0x02 0x21 0x00 0xd0 0x07 0x00 0x00 
1968432747 CAN.X: 0x00000601 - 0x40 0x03 0x21 0x00 0x00 0x00 0x00 0x00 
1968433340 CAN.R: 0x00000581 - 0x43 0x03 0x21 0x00 0x80 0x1a 0x06 0x00 
1968434222 CAN.X: 0x00000601 - 0x40 0x98 0x60 0x00 0x00 0x00 0x00 0x00 
1968434341 CAN.R: 0x00000080 - 
1968434840 CAN.R: 0x00000581 - 0x4f 0x98 0x60 0x00 0x11 0x1a 0x06 0x00 
1968434868 CAN.X: 0x00000601 - 0x40 0x52 0x23 0x00 0x00 0x00 0x00 0x00 
1968435460 CAN.R: 0x00000581 - 0x4b 0x52 0x23 0x00 0x11 0x02 0x06 0x00 
1968435659 CAN.X: 0x00000601 - 0x40 0x7c 0x60 0x00 0x00 0x00 0x00 0x00 
1968436228 CAN.R: 0x00000581 - 0x43 0x7c 0x60 0x00 0x00 0x00 0x00 0x00 
1968436497 CAN.X: 0x00000601 - 0x40 0x99 0x60 0x01 0x00 0x00 0x00 0x00 
1968437089 CAN.R: 0x00000581 - 0x43 0x99 0x60 0x01 0x40 0x0d 0x03 0x00 
1968437328 CAN.X: 0x00000601 - 0x40 0x99 0x60 0x02 0x00 0x00 0x00 0x00 
1968437963 CAN.R: 0x00000581 - 0x43 0x99 0x60 0x02 0x6b 0x04 0x01 0x00 
1968438145 CAN.X: 0x00000601 - 0x40 0x9a 0x60 0x00 0x00 0x00 0x00 0x00 
1968438726 CAN.R: 0x00000581 - 0x43 0x9a 0x60 0x00 0xab 0x69 0x01 0x00 
1968438827 CAN.X: 0x00000601 - 0x40 0x50 0x23 0x00 0x00 0x00 0x00 0x00 
1968439466 CAN.R: 0x00000581 - 0x4b 0x50 0x23 0x00 0x26 0x01 0x01 0x00 
1968439484 CAN.X: 0x00000601 - 0x40 0x51 0x23 0x00 0x00 0x00 0x00 0x00 
1968440084 CAN.R: 0x00000581 - 0x4b 0x51 0x23 0x00 0xfa 0x00 0x01 0x00 
1968444360 CAN.R: 0x00000080 - 
1968454369 CAN.R: 0x00000080 - 
1968461177 CAN.X: 0x00000701 - RMT
1968461719 CAN.R: 0x00000701 - 0x85 
1968464355 CAN.R: 0x00000080 - 
1968474415 CAN.R: 0x00000080 - 
1968474472 CAN.R: 0x00000180 - 0xca 0x94 0xde 0xf7 
1968484425 CAN.R: 0x00000080 - 
1968494446 CAN.R: 0x00000080 - 
1968504414 CAN.R: 0x00000080 - 
1968508585 CAN.X: 0x00000702 - RMT
1968509117 CAN.R: 0x00000702 - 0x05 
1968514377 CAN.R: 0x00000080 - 
1968524490 CAN.R: 0x00000080 - 
1968534392 CAN.R: 0x00000080 - 
1968541245 CAN.X: 0x00000601 - 0x40 0x64 0x60 0x00 0x00 0x00 0x00 0x00 
1968541998 CAN.R: 0x00000581 - 0x43 0x64 0x60 0x00 0x59 0x9c 0x00 0x00 
1968542395 CAN.X: 0x00000603 - 0x40 0x64 0x60 0x00 0x00 0x00 0x00 0x00 
1968542959 CAN.R: 0x00000583 - 0x43 0x64 0x60 0x00 0x0e 0x99 0x00 0x00 
1968544345 CAN.R: 0x00000080 - 
1968554380 CAN.R: 0x00000080 - 
1968555342 CAN.X: 0x00000703 - RMT
1968555716 CAN.R: 0x00000703 - 0x85 
1968564358 CAN.R: 0x00000080 - 
1968574373 CAN.R: 0x00000080 - 
1968574456 CAN.R: 0x00000180 - 0x6a 0x1b 0xe0 0xf7 
1968584366 CAN.R: 0x00000080 - 
1968594371 CAN.R: 0x00000080 - 
1968602638 CAN.X: 0x00000704 - RMT
1968603253 CAN.R: 0x00000704 - 0x85 
1968604348 CAN.R: 0x00000080 - 
1968614373 CAN.R: 0x00000080 - 
1968624484 CAN.R: 0x00000080 - 
1968634370 CAN.R: 0x00000080 - 
1968644443 CAN.R: 0x00000080 - 
1968649593 CAN.X: 0x00000601 - 0x40 0x64 0x60 0x00 0x00 0x00 0x00 0x00 
1968650218 CAN.R: 0x00000581 - 0x43 0x64 0x60 0x00 0x59 0x9c 0x00 0x00 
1968650291 CAN.X: 0x00000603 - 0x40 0x64 0x60 0x00 0x00 0x00 0x00 0x00 
1968650964 CAN.R: 0x00000583 - 0x43 0x64 0x60 0x00 0x0e 0x99 0x00 0x00 
1968654401 CAN.R: 0x00000080 - 
1968664366 CAN.R: 0x00000080 - 
1968665141 CAN.X: 0x00000701 - RMT
1968665463 CAN.R: 0x00000701 - 0x05 
1968674403 CAN.R: 0x00000080 - 
1968674474 CAN.R: 0x00000180 - 0x0a 0xa2 0xe1 0xf7 
1968684393 CAN.R: 0x00000080 - 
1968694387 CAN.R: 0x00000080 - 
1968704377 CAN.R: 0x00000080 - 
1968712489 CAN.X: 0x00000702 - RMT
1968712835 CAN.R: 0x00000702 - 0x85 
1968714342 CAN.R: 0x00000080 - 
1968724376 CAN.R: 0x00000080 - 
1968734386 CAN.R: 0x00000080 - 
1968744412 CAN.R: 0x00000080 - 
1968754402 CAN.R: 0x00000080 - 
1968759324 CAN.X: 0x00000703 - RMT
1968759530 CAN.X: 0x00000601 - 0x40 0x64 0x60 0x00 0x00 0x00 0x00 0x00 
1968759839 CAN.R: 0x00000703 - 0x05 
1968760103 CAN.R: 0x00000581 - 0x43 0x64 0x60 0x00 0x59 0x9c 0x00 0x00 
1968760177 CAN.X: 0x00000603 - 0x40 0x64 0x60 0x00 0x00 0x00 0x00 0x00 
1968760865 CAN.R: 0x00000583 - 0x43 0x64 0x60 0x00 0x0e 0x99 0x00 0x00 
1968764400 CAN.R: 0x00000080 - 
1968774399 CAN.R: 0x00000080 - 
1968774468 CAN.R: 0x00000180 - 0xaa 0x28 0xe3 0xf7 
1968784369 CAN.R: 0x00000080 - 
1968794500 CAN.R: 0x00000080 - 
1968804386 CAN.R: 0x00000080 - 
1968806635 CAN.X: 0x00000704 - RMT
1968807222 CAN.R: 0x00000704 - 0x05 
1968814510 CAN.R: 0x00000080 - 
1968824413 CAN.R: 0x00000080 - 
1968834472 CAN.R: 0x00000080 - 
1968844427 CAN.R: 0x00000080 - 
1968854383 CAN.R: 0x00000080 - 
1968864303 CAN.R: 0x00000080 - 
1968869161 CAN.X: 0x00000701 - RMT
1968869295 CAN.X: 0x00000601 - 0x40 0x64 0x60 0x00 0x00 0x00 0x00 0x00 
1968869716 CAN.R: 0x00000701 - 0x85 
1968869981 CAN.R: 0x00000581 - 0x43 0x64 0x60 0x00 0x59 0x9c 0x00 0x00 
1968870059 CAN.X: 0x00000603 - 0x40 0x64 0x60 0x00 0x00 0x00 0x00 0x00 
1968870766 CAN.R: 0x00000583 - 0x43 0x64 0x60 0x00 0x0e 0x99 0x00 0x00 
1968874277 CAN.R: 0x00000080 - 
1968874341 CAN.R: 0x00000180 - 0x4a 0xaf 0xe4 0xf7 
1968884244 CAN.R: 0x00000080 - 
1968894338 CAN.R: 0x00000080 - 
1968904253 CAN.R: 0x00000080 - 
1968914260 CAN.R: 0x00000080 - 
1968924235 CAN.R: 0x00000080 - 
1968927826 CAN.X: 0x00000702 - RMT
1968928438 CAN.R: 0x00000702 - 0x05 
1968934314 CAN.R: 0x00000080 - 
1968944271 CAN.R: 0x00000080 - 
1968954332 CAN.R: 0x00000080 - 
1968959028 CAN.X: 0x00000703 - RMT
1968959630 CAN.R: 0x00000703 - 0x85 
1968964389 CAN.R: 0x00000080 - 
1968974582 CAN.R: 0x00000080 - 
1968974640 CAN.R: 0x00000180 - 0xea 0x35 0xe6 0xf7 
1968984595 CAN.R: 0x00000080 - 
1968990706 CAN.X: 0x00000601 - 0x40 0x64 0x60 0x00 0x00 0x00 0x00 0x00 
1968991501 CAN.R: 0x00000581 - 0x43 0x64 0x60 0x00 0x59 0x9c 0x00 0x00 
1968991659 CAN.X: 0x00000603 - 0x40 0x64 0x60 0x00 0x00 0x00 0x00 0x00 
1968992555 CAN.R: 0x00000583 - 0x43 0x64 0x60 0x00 0x0e 0x99 0x00 0x00 
1968994473 CAN.R: 0x00000080 - 
1969004286 CAN.R: 0x00000080 - 
1969006316 CAN.X: 0x00000704 - RMT
1969006748 CAN.R: 0x00000704 - 0x85 
1969014563 CAN.R: 0x00000080 - 
1969024277 CAN.R: 0x00000080 - 
1969034729 CAN.R: 0x00000080 - 
1969044261 CAN.R: 0x00000080 - 
1969054303 CAN.R: 0x00000080 - 
1969064873 CAN.R: 0x00000080 - 
1969068958 CAN.X: 0x00000701 - RMT
1969069558 CAN.R: 0x00000701 - 0x05 
1969074668 CAN.R: 0x00000080 - 
1969074692 CAN.R: 0x00000180 - 0x8a 0xbc 0xe7 0xf7 
1969084781 CAN.R: 0x00000080 - 
1969094508 CAN.R: 0x00000080 - 
1969101055 CAN.X: 0x00000601 - 0x40 0x64 0x60 0x00 0x00 0x00 0x00 0x00 
1969101900 CAN.R: 0x00000581 - 0x43 0x64 0x60 0x00 0x59 0x9c 0x00 0x00 
1969102044 CAN.X: 0x00000603 - 0x40 0x64 0x60 0x00 0x00 0x00 0x00 0x00 
1969102894 CAN.R: 0x00000583 - 0x43 0x64 0x60 0x00 0x0e 0x99 0x00 0x00 
1969104317 CAN.R: 0x00000080 - 
1969114912 CAN.R: 0x00000080 - 
1969124889 CAN.R: 0x00000080 - 
1969131769 CAN.X: 0x00000702 - RMT
1969132498 CAN.R: 0x00000702 - 0x85 
1969134509 CAN.R: 0x00000080 - 
1969144395 CAN.R: 0x00000080 - 
1969154438 CAN.R: 0x00000080 - 
1969163096 CAN.X: 0x00000703 - RMT
1969163858 CAN.R: 0x00000703 - 0x05 
1969164424 CAN.R: 0x00000080 - 
1969174889 CAN.R: 0x00000080 - 
1969174941 CAN.R: 0x00000180 - 0x2b 0x43 0xe9 0xf7 
1969184937 CAN.R: 0x00000080 - 
1969194406 CAN.R: 0x00000080 - 
1969200019 CAN.X: 0x00000601 - 0x40 0x64 0x60 0x00 0x00 0x00 0x00 0x00 
1969201021 CAN.R: 0x00000581 - 0x43 0x64 0x60 0x00 0x59 0x9c 0x00 0x00 
1969201081 CAN.X: 0x00000603 - 0x40 0x64 0x60 0x00 0x00 0x00 0x00 0x00 
1969201844 CAN.R: 0x00000583 - 0x43 0x64 0x60 0x00 0x0e 0x99 0x00 0x00 
1969204314 CAN.R: 0x00000080 - 
1969210504 CAN.X: 0x00000704 - RMT
1969211203 CAN.R: 0x00000704 - 0x05 
1969214496 CAN.R: 0x00000080 - 
1969224698 CAN.R: 0x00000080 - 
1969234465 CAN.R: 0x00000080 - 
1969244901 CAN.R: 0x00000080 - 
1969254364 CAN.R: 0x00000080 - 
1969264338 CAN.R: 0x00000080 - 
1969272964 CAN.X: 0x00000701 - RMT
1969273481 CAN.R: 0x00000701 - 0x85 
1969274239 CAN.R: 0x00000080 - 
1969274354 CAN.R: 0x00000180 - 0xcb 0xc9 0xea 0xf7 
1969284339 CAN.R: 0x00000080 - 
1969294297 CAN.R: 0x00000080 - 
1969304340 CAN.R: 0x00000080 - 
1969314402 CAN.R: 0x00000080 - 
1969320423 CAN.X: 0x00000601 - 0x40 0x64 0x60 0x00 0x00 0x00 0x00 0x00 
1969321229 CAN.R: 0x00000581 - 0x43 0x64 0x60 0x00 0x59 0x9c 0x00 0x00 
1969321326 CAN.X: 0x00000603 - 0x40 0x64 0x60 0x00 0x00 0x00 0x00 0x00 
1969322012 CAN.R: 0x00000583 - 0x43 0x64 0x60 0x00 0x0e 0x99 0x00 0x00 
1969324375 CAN.R: 0x00000080 - 
1969334308 CAN.R: 0x00000080 - 
1969335868 CAN.X: 0x00000702 - RMT
1969336276 CAN.R: 0x00000702 - 0x05 
1969344400 CAN.R: 0x00000080 - 
1969354315 CAN.R: 0x00000080 - 
1969364343 CAN.R: 0x00000080 - 
1969367202 CAN.X: 0x00000703 - RMT
1969367663 CAN.R: 0x00000703 - 0x85 
1969374402 CAN.R: 0x00000080 - 
1969374421 CAN.R: 0x00000180 - 0x6a 0x50 0xec 0xf7 
1969384321 CAN.R: 0x00000080 - 
1969394424 CAN.R: 0x00000080 - 
1969404265 CAN.R: 0x00000080 - 
1969414412 CAN.R: 0x00000080 - 
1969414670 CAN.X: 0x00000704 - RMT
1969414886 CAN.X: 0x00000601 - 0x40 0x64 0x60 0x00 0x00 0x00 0x00 0x00 
1969415296 CAN.R: 0x00000704 - 0x85 
1969415547 CAN.R: 0x00000581 - 0x43 0x64 0x60 0x00 0x59 0x9c 0x00 0x00 
1969415636 CAN.X: 0x00000603 - 0x40 0x64 0x60 0x00 0x00 0x00 0x00 0x00 
1969416404 CAN.R: 0x00000583 - 0x43 0x64 0x60 0x00 0x0e 0x99 0x00 0x00 
1969424371 CAN.R: 0x00000080 - 
1969434412 CAN.R: 0x00000080 - 
1969444398 CAN.R: 0x00000080 - 
1969454336 CAN.R: 0x00000080 - 
1969464265 CAN.R: 0x00000080 - 
1969474586 CAN.R: 0x00000080 - 
1969474610 CAN.R: 0x00000180 - 0x0a 0xd7 0xed 0xf7 
1969477146 CAN.X: 0x00000701 - RMT
1969477805 CAN.R: 0x00000701 - 0x05 
1969484924 CAN.R: 0x00000080 - 
1969494287 CAN.R: 0x00000080 - 
1969504352 CAN.R: 0x00000080 - 
1969514879 CAN.R: 0x00000080 - 
1969524349 CAN.R: 0x00000080 - 
1969524564 CAN.X: 0x00000601 - 0x40 0x64 0x60 0x00 0x00 0x00 0x00 0x00 
1969525341 CAN.R: 0x00000581 - 0x43 0x64 0x60 0x00 0x59 0x9c 0x00 0x00 
1969525463 CAN.X: 0x00000603 - 0x40 0x64 0x60 0x00 0x00 0x00 0x00 0x00 
1969526197 CAN.R: 0x00000583 - 0x43 0x64 0x60 0x00 0x0e 0x99 0x00 0x00 
1969534780 CAN.R: 0x00000080 - 
1969539879 CAN.X: 0x00000702 - RMT
1969540562 CAN.R: 0x00000702 - 0x85 
1969544877 CAN.R: 0x00000080 - 
1969554344 CAN.R: 0x00000080 - 
1969564886 CAN.R: 0x00000080 - 
1969570993 CAN.X: 0x00000703 - RMT
1969571712 CAN.R: 0x00000703 - 0x05 
1969574889 CAN.R: 0x00000080 - 
1969574926 CAN.R: 0x00000180 - 0xaa 0x5d 0xef 0xf7 
1969584655 CAN.R: 0x00000080 - 
1969594489 CAN.R: 0x00000080 - 
1969604417 CAN.R: 0x00000080 - 
1969615062 CAN.R: 0x00000080 - 
1969618513 CAN.X: 0x00000704 - RMT
1969619194 CAN.R: 0x00000704 - 0x05 
1969624418 CAN.R: 0x00000080 - 
1969634213 CAN.X: 0x00000601 - 0x40 0x64 0x60 0x00 0x00 0x00 0x00 0x00 
1969634361 CAN.R: 0x00000080 - 
1969634933 CAN.R: 0x00000581 - 0x43 0x64 0x60 0x00 0x59 0x9c 0x00 0x00 
1969635066 CAN.X: 0x00000603 - 0x40 0x64 0x60 0x00 0x00 0x00 0x00 0x00 
1969635812 CAN.R: 0x00000583 - 0x43 0x64 0x60 0x00 0x0e 0x99 0x00 0x00 
1969644253 CAN.R: 0x00000080 - 
1969654342 CAN.R: 0x00000080 - 
1969664252 CAN.R: 0x00000080 - 
1969674207 CAN.R: 0x00000080 - 
1969674229 CAN.R: 0x00000180 - 0x4a 0xe4 0xf0 0xf7 
1969681161 CAN.X: 0x00000701 - RMT
1969681763 CAN.R: 0x00000701 - 0x85 
1969684140 CAN.R: 0x00000080 - 
1969694291 CAN.R: 0x00000080 - 
1969704207 CAN.R: 0x00000080 - 
1969714273 CAN.R: 0x00000080 - 
1969724282 CAN.R: 0x00000080 - 
1969734291 CAN.R: 0x00000080 - 
1969744163 CAN.X: 0x00000702 - RMT
1969744211 CAN.R: 0x00000080 - 
1969744286 CAN.X: 0x00000601 - 0x40 0x64 0x60 0x00 0x00 0x00 0x00 0x00 
1969744750 CAN.R: 0x00000702 - 0x05 
1969745012 CAN.R: 0x00000581 - 0x43 0x64 0x60 0x00 0x59 0x9c 0x00 0x00 
1969745103 CAN.X: 0x00000603 - 0x40 0x64 0x60 0x00 0x00 0x00 0x00 0x00 
1969745842 CAN.R: 0x00000583 - 0x43 0x64 0x60 0x00 0x0e 0x99 0x00 0x00 
1969754194 CAN.R: 0x00000080 - 
1969764280 CAN.R: 0x00000080 - 
1969774280 CAN.R: 0x00000080 - 
1969774304 CAN.R: 0x00000180 - 0xea 0x6a 0xf2 0xf7 
1969775358 CAN.X: 0x00000703 - RMT
1969775900 CAN.R: 0x00000703 - 0x85 
1969784186 CAN.R: 0x00000080 - 
1969794279 CAN.R: 0x00000080 - 
1969804203 CAN.R: 0x00000080 - 
1969814298 CAN.R: 0x00000080 - 
1969822843 CAN.X: 0x00000704 - RMT
1969823422 CAN.R: 0x00000704 - 0x85 
1969824162 CAN.R: 0x00000080 - 
1969834179 CAN.R: 0x00000080 - 
1969844457 CAN.R: 0x00000080 - 
1969854199 CAN.R: 0x00000080 - 
1969854327 CAN.X: 0x00000601 - 0x40 0x64 0x60 0x00 0x00 0x00 0x00 0x00 
1969855057 CAN.R: 0x00000581 - 0x43 0x64 0x60 0x00 0x59 0x9c 0x00 0x00 
1969855228 CAN.X: 0x00000603 - 0x40 0x64 0x60 0x00 0x00 0x00 0x00 0x00 
1969855973 CAN.R: 0x00000583 - 0x43 0x64 0x60 0x00 0x0e 0x99 0x00 0x00 
1969864752 CAN.R: 0x00000080 - 
1969874292 CAN.R: 0x00000080 - 
1969874319 CAN.R: 0x00000180 - 0x8a 0xf1 0xf3 0xf7 
1969884262 CAN.R: 0x00000080 - 
1969885400 CAN.X: 0x00000701 - RMT
1969886050 CAN.R: 0x00000701 - 0x05 
1969894185 CAN.R: 0x00000080 - 
1969904133 CAN.R: 0x00000080 - 
1969914125 CAN.R: 0x00000080 - 
1969924148 CAN.R: 0x00000080 - 
1969934157 CAN.R: 0x00000080 - 
1969944203 CAN.R: 0x00000080 - 
1969948360 CAN.X: 0x00000702 - RMT
1969948881 CAN.R: 0x00000702 - 0x85 
1969954226 CAN.R: 0x00000080 - 
1969964127 CAN.R: 0x00000080 - 
1969964143 CAN.X: 0x00000601 - 0x40 0x64 0x60 0x00 0x00 0x00 0x00 0x00 
1969964758 CAN.R: 0x00000581 - 0x43 0x64 0x60 0x00 0x59 0x9c 0x00 0x00 
1969964819 CAN.X: 0x00000603 - 0x40 0x64 0x60 0x00 0x00 0x00 0x00 0x00 
1969965511 CAN.R: 0x00000583 - 0x43 0x64 0x60 0x00 0x0e 0x99 0x00 0x00 
1969974246 CAN.R: 0x00000080 - 
1969974274 CAN.R: 0x00000180 - 0x2a 0x78 0xf5 0xf7 
1969979649 CAN.X: 0x00000703 - RMT
1969980260 CAN.R: 0x00000703 - 0x05 
1969984214 CAN.R: 0x00000080 - 
1969994156 CAN.R: 0x00000080 - 
1970004224 CAN.R: 0x00000080 - 
1970014233 CAN.R: 0x00000080 - 
1970024288 CAN.R: 0x00000080 - 
1970026788 CAN.X: 0x00000704 - RMT
1970027250 CAN.R: 0x00000704 - 0x05 
1970034458 CAN.R: 0x00000080 - 
1970044746 CAN.R: 0x00000080 - 
1970054273 CAN.R: 0x00000080 - 
1970064291 CAN.R: 0x00000080 - 
1970073966 CAN.X: 0x00000601 - 0x40 0x64 0x60 0x00 0x00 0x00 0x00 0x00 
1970074154 CAN.R: 0x00000080 - 
1970074333 CAN.R: 0x00000180 - 0xca 0xfe 0xf6 0xf7 
1970074681 CAN.R: 0x00000581 - 0x43 0x64 0x60 0x00 0x59 0x9c 0x00 0x00 
1970074817 CAN.X: 0x00000603 - 0x40 0x64 0x60 0x00 0x00 0x00 0x00 0x00 
1970075548 CAN.R: 0x00000583 - 0x43 0x64 0x60 0x00 0x0e 0x99 0x00 0x00 
1970084653 CAN.R: 0x00000080 - 
1970089475 CAN.X: 0x00000701 - RMT
1970090109 CAN.R: 0x00000701 - 0x85 
1970094339 CAN.R: 0x00000080 - 
1970104216 CAN.R: 0x00000080 - 
1970114783 CAN.R: 0x00000080 - 
1970124291 CAN.R: 0x00000080 - 
1970134841 CAN.R: 0x00000080 - 
1970144768 CAN.R: 0x00000080 - 
1970152702 CAN.X: 0x00000702 - RMT
1970153333 CAN.R: 0x00000702 - 0x05 
1970154201 CAN.R: 0x00000080 - 
1970164202 CAN.R: 0x00000080 - 
1970174609 CAN.R: 0x00000080 - 
1970174631 CAN.R: 0x00000180 - 0x6a 0x85 0xf8 0xf7 
1970183844 CAN.X: 0x00000703 - RMT
1970184197 CAN.R: 0x00000080 - 
1970184303 CAN.X: 0x00000601 - 0x40 0x64 0x60 0x00 0x00 0x00 0x00 0x00 
1970184424 CAN.R: 0x00000703 - 0x85 
1970185166 CAN.R: 0x00000581 - 0x43 0x64 0x60 0x00 0x59 0x9c 0x00 0x00 
1970185238 CAN.X: 0x00000603 - 0x40 0x64 0x60 0x00 0x00 0x00 0x00 0x00 
1970186095 CAN.R: 0x00000583 - 0x43 0x64 0x60 0x00 0x0e 0x99 0x00 0x00 
1970194209 CAN.R: 0x00000080 - 
1970204208 CAN.R: 0x00000080 - 
1970214185 CAN.R: 0x00000080 - 
1970224277 CAN.R: 0x00000080 - 
1970231438 CAN.X: 0x00000704 - RMT
1970232033 CAN.R: 0x00000704 - 0x85 
1970234214 CAN.R: 0x00000080 - 
1970244292 CAN.R: 0x00000080 - 
1970254142 CAN.R: 0x00000080 - 
1970264171 CAN.R: 0x00000080 - 
1970274192 CAN.R: 0x00000080 - 
1970274218 CAN.R: 0x00000180 - 0x0a 0x0c 0xfa 0xf7 
1970284125 CAN.R: 0x00000080 - 
1970293819 CAN.X: 0x00000701 - RMT
1970294008 CAN.X: 0x00000601 - 0x40 0x64 0x60 0x00 0x00 0x00 0x00 0x00 
1970294145 CAN.R: 0x00000080 - 
1970294261 CAN.R: 0x00000701 - 0x05 
1970294600 CAN.R: 0x00000581 - 0x43 0x64 0x60 0x00 0x59 0x9c 0x00 0x00 
1970294655 CAN.X: 0x00000603 - 0x40 0x64 0x60 0x00 0x00 0x00 0x00 0x00 
1970295215 CAN.R: 0x00000583 - 0x43 0x64 0x60 0x00 0x0e 0x99 0x00 0x00 
1970304186 CAN.R: 0x00000080 - 
1970314409 CAN.R: 0x00000080 - 
1970324438 CAN.R: 0x00000080 - 
1970334131 CAN.R: 0x00000080 - 
1970344515 CAN.R: 0x00000080 - 
1970354191 CAN.R: 0x00000080 - 
1970357024 CAN.X: 0x00000702 - RMT
1970357584 CAN.R: 0x00000702 - 0x85 
1970364427 CAN.R: 0x00000080 - 
1970374429 CAN.R: 0x00000080 - 
1970374464 CAN.R: 0x00000180 - 0xaa 0x92 0xfb 0xf7 
1970384384 CAN.R: 0x00000080 - 
1970388110 CAN.X: 0x00000703 - RMT
1970388923 CAN.R: 0x00000703 - 0x05 
1970394375 CAN.R: 0x00000080 - 
1970404270 CAN.R: 0x00000080 - 
1970404407 CAN.X: 0x00000601 - 0x40 0x64 0x60 0x00 0x00 0x00 0x00 0x00 
1970405171 CAN.R: 0x00000581 - 0x43 0x64 0x60 0x00 0x59 0x9c 0x00 0x00 
1970405335 CAN.X: 0x00000603 - 0x40 0x64 0x60 0x00 0x00 0x00 0x00 0x00 
1970406014 CAN.R: 0x00000583 - 0x43 0x64 0x60 0x00 0x0e 0x99 0x00 0x00 
1970414279 CAN.R: 0x00000080 - 
1970424249 CAN.R: 0x00000080 - 
1970434771 CAN.R: 0x00000080 - 
1970435675 CAN.X: 0x00000704 - RMT
1970436309 CAN.R: 0x00000704 - 0x05 
1970444838 CAN.R: 0x00000080 - 
1970454223 CAN.R: 0x00000080 - 
1970464778 CAN.R: 0x00000080 - 
1970474151 CAN.R: 0x00000080 - 
1970474201 CAN.R: 0x00000180 - 0x4a 0x19 0xfd 0xf7 
1970484069 CAN.R: 0x00000080 - 
1970494181 CAN.R: 0x00000080 - 
1970498104 CAN.X: 0x00000701 - RMT
1970498601 CAN.R: 0x00000701 - 0x85 
1970504019 CAN.R: 0x00000080 - 
1970514042 CAN.R: 0x00000080 - 
1970514266 CAN.X: 0x00000601 - 0x40 0x64 0x60 0x00 0x00 0x00 0x00 0x00 
1970514875 CAN.R: 0x00000581 - 0x43 0x64 0x60 0x00 0x59 0x9c 0x00 0x00 
1970514946 CAN.X: 0x00000603 - 0x40 0x64 0x60 0x00 0x00 0x00 0x00 0x00 
1970515669 CAN.R: 0x00000583 - 0x43 0x64 0x60 0x00 0x0e 0x99 0x00 0x00 
1970524183 CAN.R: 0x00000080 - 
1970534169 CAN.R: 0x00000080 - 
1970544336 CAN.R: 0x00000080 - 
1970554138 CAN.R: 0x00000080 - 
1970561238 CAN.X: 0x00000702 - RMT
1970562017 CAN.R: 0x00000702 - 0x05 
1970564612 CAN.R: 0x00000080 - 
1970574557 CAN.R: 0x00000080 - 
1970574629 CAN.R: 0x00000180 - 0xea 0x9f 0xfe 0xf7 
1970584243 CAN.R: 0x00000080 - 
1970592462 CAN.X: 0x00000703 - RMT
1970593202 CAN.R: 0x00000703 - 0x85 
1970594141 CAN.R: 0x00000080 - 
1970604180 CAN.R: 0x00000080 - 
1970614641 CAN.R: 0x00000080 - 
1970624008 CAN.X: 0x00000601 - 0x40 0x64 0x60 0x00 0x00 0x00 0x00 0x00 
1970624049 CAN.R: 0x00000080 - 
1970624837 CAN.R: 0x00000581 - 0x43 0x64 0x60 0x00 0x59 0x9c 0x00 0x00 
1970625090 CAN.X: 0x00000603 - 0x40 0x64 0x60 0x00 0x00 0x00 0x00 0x00 
1970625926 CAN.R: 0x00000583 - 0x43 0x64 0x60 0x00 0x0e 0x99 0x00 0x00 
1970634640 CAN.R: 0x00000080 - 
1970639536 CAN.X: 0x00000704 - RMT
1970640270 CAN.R: 0x00000704 - 0x85 
1970644267 CAN.R: 0x00000080 - 
1970654105 CAN.R: 0x00000080 - 
1970664179 CAN.R: 0x00000080 - 
1970674181 CAN.R: 0x00000080 - 
1970674214 CAN.R: 0x00000180 - 0x8b 0x26 0x00 0xf8 
1970684110 CAN.R: 0x00000080 - 
1970694637 CAN.R: 0x00000080 - 
1970702078 CAN.X: 0x00000701 - RMT
1970702663 CAN.R: 0x00000701 - 0x05 
1970704024 CAN.R: 0x00000080 - 
1970714180 CAN.R: 0x00000080 - 
1970724074 CAN.R: 0x00000080 - 
1970733672 CAN.X: 0x00000601 - 0x40 0x64 0x60 0x00 0x00 0x00 0x00 0x00 
1970734055 CAN.R: 0x00000080 - 
1970734488 CAN.R: 0x00000581 - 0x43 0x64 0x60 0x00 0x59 0x9c 0x00 0x00 
1970734594 CAN.X: 0x00000603 - 0x40 0x64 0x60 0x00 0x00 0x00 0x00 0x00 
1970735390 CAN.R: 0x00000583 - 0x43 0x64 0x60 0x00 0x0e 0x99 0x00 0x00 
1970744656 CAN.R: 0x00000080 - 
1970754051 CAN.R: 0x00000080 - 
1970764646 CAN.R: 0x00000080 - 
1970764691 CAN.X: 0x00000702 - RMT
1970765300 CAN.R: 0x00000702 - 0x85 
1970774322 CAN.R: 0x00000080 - 
1970774353 CAN.R: 0x00000180 - 0x2a 0xad 0x01 0xf8 
1970784320 CAN.R: 0x00000080 - 
1970794310 CAN.R: 0x00000080 - 
1970796081 CAN.X: 0x00000703 - RMT
1970796560 CAN.R: 0x00000703 - 0x05 
1970804094 CAN.R: 0x00000080 - 
1970814112 CAN.R: 0x00000080 - 
1970824154 CAN.R: 0x00000080 - 
1970834208 CAN.R: 0x00000080 - 
1970843569 CAN.X: 0x00000704 - RMT
1970843848 CAN.X: 0x00000601 - 0x40 0x64 0x60 0x00 0x00 0x00 0x00 0x00 
1970844109 CAN.R: 0x00000080 - 
1970844223 CAN.R: 0x00000704 - 0x05 
1970844452 CAN.R: 0x00000581 - 0x43 0x64 0x60 0x00 0x59 0x9c 0x00 0x00 
1970844570 CAN.X: 0x00000603 - 0x40 0x64 0x60 0x00 0x00 0x00 0x00 0x00 
1970845404 CAN.R: 0x00000583 - 0x43 0x64 0x60 0x00 0x0e 0x99 0x00 0x00 
1970854089 CAN.R: 0x00000080 - 
1970864075 CAN.R: 0x00000080 - 
1970874412 CAN.R: 0x00000080 - 
1970874436 CAN.R: 0x00000180 - 0xca 0x33 0x03 0xf8 
1970884391 CAN.R: 0x00000080 - 
1970894151 CAN.R: 0x00000080 - 
1970904110 CAN.R: 0x00000080 - 
1970906192 CAN.X: 0x00000701 - RMT
1970906735 CAN.R: 0x00000701 - 0x85 
1970914398 CAN.R: 0x00000080 - 
1970924074 CAN.R: 0x00000080 - 
1970934399 CAN.R: 0x00000080 - 
1970944136 CAN.R: 0x00000080 - 
1970953227 CAN.X: 0x00000601 - 0x40 0x64 0x60 0x00 0x00 0x00 0x00 0x00 
1970953949 CAN.R: 0x00000581 - 0x43 0x64 0x60 0x00 0x59 0x9c 0x00 0x00 
1970953975 CAN.R: 0x00000080 - 
1970954103 CAN.X: 0x00000603 - 0x40 0x64 0x60 0x00 0x00 0x00 0x00 0x00 
1970954895 CAN.R: 0x00000583 - 0x43 0x64 0x60 0x00 0x0e 0x99 0x00 0x00 
1970964096 CAN.R: 0x00000080 - 
1970968742 CAN.X: 0x00000702 - RMT
1970969489 CAN.R: 0x00000702 - 0x05 
1970974665 CAN.R: 0x00000080 - 
1970974689 CAN.R: 0x00000180 - 0x6a 0xba 0x04 0xf8 
1970984418 CAN.R: 0x00000080 - 
1970994524 CAN.R: 0x00000080 - 
1971000027 CAN.X: 0x00000703 - RMT
1971000737 CAN.R: 0x00000703 - 0x85 
1971004096 CAN.R: 0x00000080 - 
1971014294 CAN.R: 0x00000080 - 
1971024197 CAN.R: 0x00000080 - 
1971034632 CAN.R: 0x00000080 - 
1971044629 CAN.R: 0x00000080 - 
1971047578 CAN.X: 0x00000704 - RMT
1971048252 CAN.R: 0x00000704 - 0x85 
1971054157 CAN.R: 0x00000080 - 
1971063598 CAN.X: 0x00000601 - 0x40 0x64 0x60 0x00 0x00 0x00 0x00 0x00 
1971064090 CAN.R: 0x00000080 - 
1971064371 CAN.R: 0x00000581 - 0x43 0x64 0x60 0x00 0x59 0x9c 0x00 0x00 
1971064499 CAN.X: 0x00000603 - 0x40 0x64 0x60 0x00 0x00 0x00 0x00 0x00 
1971065289 CAN.R: 0x00000583 - 0x43 0x64 0x60 0x00 0x0e 0x99 0x00 0x00 
1971074654 CAN.R: 0x00000080 - 
1971074706 CAN.R: 0x00000180 - 0x0a 0x41 0x06 0xf8 
1971084267 CAN.R: 0x00000080 - 
1971094332 CAN.R: 0x00000080 - 
1971104092 CAN.R: 0x00000080 - 
1971110480 CAN.X: 0x00000701 - RMT
1971111058 CAN.R: 0x00000701 - 0x05 
1971114140 CAN.R: 0x00000080 - 
1971124226 CAN.R: 0x00000080 - 
1971134142 CAN.R: 0x00000080 - 
1971144054 CAN.R: 0x00000080 - 
1971153989 CAN.R: 0x00000080 - 
1971164102 CAN.R: 0x00000080 - 
1971173038 CAN.X: 0x00000702 - RMT
1971173043 CAN.X: 0x00000601 - 0x40 0x64 0x60 0x00 0x00 0x00 0x00 0x00 
1971173563 CAN.R: 0x00000702 - 0x85 
1971173885 CAN.R: 0x00000581 - 0x43 0x64 0x60 0x00 0x59 0x9c 0x00 0x00 
1971174010 CAN.R: 0x00000080 - 
1971174061 CAN.X: 0x00000603 - 0x40 0x64 0x60 0x00 0x00 0x00 0x00 0x00 
1971174121 CAN.R: 0x00000180 - 0xaa 0xc7 0x07 0xf8 
1971174786 CAN.R: 0x00000583 - 0x43 0x64 0x60 0x00 0x0e 0x99 0x00 0x00 
1971184016 CAN.R: 0x00000080 - 
1971194342 CAN.R: 0x00000080 - 
1971204070 CAN.R: 0x00000080 - 
1971204802 CAN.X: 0x00000703 - RMT
1971205425 CAN.R: 0x00000703 - 0x05 
1971214163 CAN.R: 0x00000080 - 
1971224155 CAN.R: 0x00000080 - 
1971234169 CAN.R: 0x00000080 - 
1971244155 CAN.R: 0x00000080 - 
1971251838 CAN.X: 0x00000704 - RMT
1971252460 CAN.R: 0x00000704 - 0x05 
1971254103 CAN.R: 0x00000080 - 
1971264164 CAN.R: 0x00000080 - 
1971274062 CAN.R: 0x00000080 - 
1971274086 CAN.R: 0x00000180 - 0x4a 0x4e 0x09 0xf8 
1971283207 CAN.X: 0x00000601 - 0x40 0x64 0x60 0x00 0x00 0x00 0x00 0x00 
1971284046 CAN.R: 0x00000581 - 0x43 0x64 0x60 0x00 0x59 0x9c 0x00 0x00 
1971284067 CAN.R: 0x00000080 - 
1971284182 CAN.X: 0x00000603 - 0x40 0x64 0x60 0x00 0x00 0x00 0x00 0x00 
1971284967 CAN.R: 0x00000583 - 0x43 0x64 0x60 0x00 0x0e 0x99 0x00 0x00 
1971294597 CAN.R: 0x00000080 - 
1971303921 CAN.R: 0x00000080 - 
1971314482 CAN.R: 0x00000080 - 
1971314660 CAN.X: 0x00000701 - RMT
1971315339 CAN.R: 0x00000701 - 0x85 
1971324527 CAN.R: 0x00000080 - 
1971334519 CAN.R: 0x00000080 - 
1971344123 CAN.R: 0x00000080 - 
1971353958 CAN.R: 0x00000080 - 
1971364012 CAN.R: 0x00000080 - 
1971374036 CAN.R: 0x00000080 - 
1971374053 CAN.R: 0x00000180 - 0xea 0xd4 0x0a 0xf8 
1971377240 CAN.X: 0x00000702 - RMT
1971377798 CAN.R: 0x00000702 - 0x05 
1971384029 CAN.R: 0x00000080 - 
1971393007 CAN.X: 0x00000601 - 0x40 0x64 0x60 0x00 0x00 0x00 0x00 0x00 
1971393748 CAN.R: 0x00000581 - 0x43 0x64 0x60 0x00 0x59 0x9c 0x00 0x00 
1971393946 CAN.X: 0x00000603 - 0x40 0x64 0x60 0x00 0x00 0x00 0x00 0x00 
1971393953 CAN.R: 0x00000080 - 
1971394751 CAN.R: 0x00000583 - 0x43 0x64 0x60 0x00 0x0e 0x99 0x00 0x00 
1971403941 CAN.R: 0x00000080 - 
1971409018 CAN.X: 0x00000703 - RMT
1971409741 CAN.R: 0x00000703 - 0x85 
1971414041 CAN.R: 0x00000080 - 
1971424027 CAN.R: 0x00000080 - 
1971433974 CAN.R: 0x00000080 - 
1971443955 CAN.R: 0x00000080 - 
1971453943 CAN.R: 0x00000080 - 
1971456120 CAN.X: 0x00000704 - RMT
1971456626 CAN.R: 0x00000704 - 0x85 
1971463953 CAN.R: 0x00000080 - 
1971473911 CAN.R: 0x00000080 - 
1971474051 CAN.R: 0x00000180 - 0x8a 0x5b 0x0c 0xf8 
1971483898 CAN.R: 0x00000080 - 
1971494022 CAN.R: 0x00000080 - 
1971503468 CAN.X: 0x00000601 - 0x40 0x64 0x60 0x00 0x00 0x00 0x00 0x00 
1971503971 CAN.R: 0x00000080 - 
1971504087 CAN.R: 0x00000581 - 0x43 0x64 0x60 0x00 0x59 0x9c 0x00 0x00 
1971504177 CAN.X: 0x00000603 - 0x40 0x64 0x60 0x00 0x00 0x00 0x00 0x00 
1971504946 CAN.R: 0x00000583 - 0x43 0x64 0x60 0x00 0x0e 0x99 0x00 0x00 
1971514033 CAN.R: 0x00000080 - 
1971519030 CAN.X: 0x00000701 - RMT
1971519591 CAN.R: 0x00000701 - 0x05 
1971524046 CAN.R: 0x00000080 - 
1971534129 CAN.R: 0x00000080 - 
1971544125 CAN.R: 0x00000080 - 
1971554037 CAN.R: 0x00000080 - 
1971564034 CAN.R: 0x00000080 - 
1971574052 CAN.R: 0x00000080 - 
1971574089 CAN.R: 0x00000180 - 0x2a 0xe2 0x0d 0xf8 
1971581600 CAN.X: 0x00000702 - RMT
1971582210 CAN.R: 0x00000702 - 0x85 
1971584013 CAN.R: 0x00000080 - 
1971593941 CAN.R: 0x00000080 - 
1971604023 CAN.R: 0x00000080 - 
1971613201 CAN.X: 0x00000703 - RMT
1971613266 CAN.X: 0x00000601 - 0x40 0x64 0x60 0x00 0x00 0x00 0x00 0x00 
1971613741 CAN.R: 0x00000703 - 0x05 
1971614174 CAN.R: 0x00000581 - 0x43 0x64 0x60 0x00 0x59 0x9c 0x00 0x00 
1971614193 CAN.R: 0x00000080 - 
1971614245 CAN.X: 0x00000603 - 0x40 0x64 0x60 0x00 0x00 0x00 0x00 0x00 
1971615060 CAN.R: 0x00000583 - 0x43 0x64 0x60 0x00 0x0e 0x99 0x00 0x00 
1971624009 CAN.R: 0x00000080 - 
1971634499 CAN.R: 0x00000080 - 
1971643950 CAN.R: 0x00000080 - 
1971653977 CAN.R: 0x00000080 - 
1971660033 CAN.X: 0x00000704 - RMT
1971660774 CAN.R: 0x00000704 - 0x05 
1971664121 CAN.R: 0x00000080 - 
1971674088 CAN.R: 0x00000080 - 
1971674138 CAN.R: 0x00000180 - 0xca 0x68 0x0f 0xf8 
1971684524 CAN.R: 0x00000080 - 
1971694053 CAN.R: 0x00000080 - 
1971704008 CAN.R: 0x00000080 - 
1971714513 CAN.R: 0x00000080 - 
1971723175 CAN.X: 0x00000701 - RMT
1971723458 CAN.X: 0x00000601 - 0x40 0x64 0x60 0x00 0x00 0x00 0x00 0x00 
1971723840 CAN.R: 0x00000701 - 0x85 
1971723873 CAN.R: 0x00000080 - 
1971724062 CAN.R: 0x00000581 - 0x43 0x64 0x60 0x00 0x59 0x9c 0x00 0x00 
1971724165 CAN.X: 0x00000603 - 0x40 0x64 0x60 0x00 0x00 0x00 0x00 0x00 
1971724945 CAN.R: 0x00000583 - 0x43 0x64 0x60 0x00 0x0e 0x99 0x00 0x00 
1971734511 CAN.R: 0x00000080 - 
1971744530 CAN.R: 0x00000080 - 
1971753969 CAN.R: 0x00000080 - 
1971764021 CAN.R: 0x00000080 - 
1971774308 CAN.R: 0x00000080 - 
1971774349 CAN.R: 0x00000180 - 0x6a 0xef 0x10 0xf8 
1971784039 CAN.R: 0x00000080 - 
1971785488 CAN.X: 0x00000702 - RMT
1971785926 CAN.R: 0x00000702 - 0x05 
1971793965 CAN.R: 0x00000080 - 
1971804053 CAN.R: 0x00000080 - 
1971814435 CAN.R: 0x00000080 - 
1971817411 CAN.X: 0x00000703 - RMT
1971818058 CAN.R: 0x00000703 - 0x85 
1971824066 CAN.R: 0x00000080 - 
1971833551 CAN.X: 0x00000601 - 0x40 0x64 0x60 0x00 0x00 0x00 0x00 0x00 
1971833978 CAN.R: 0x00000080 - 
1971834401 CAN.R: 0x00000581 - 0x43 0x64 0x60 0x00 0x59 0x9c 0x00 0x00 
1971834495 CAN.X: 0x00000603 - 0x40 0x64 0x60 0x00 0x00 0x00 0x00 0x00 
1971835286 CAN.R: 0x00000583 - 0x43 0x64 0x60 0x00 0x0e 0x99 0x00 0x00 
1971844019 CAN.R: 0x00000080 - 
1971853925 CAN.R: 0x00000080 - 
1971864492 CAN.X: 0x00000704 - RMT
1971864514 CAN.R: 0x00000080 - 
1971865141 CAN.R: 0x00000704 - 0x85 
1971874603 CAN.R: 0x00000080 - 
1971874628 CAN.R: 0x00000180 - 0x0a 0x76 0x12 0xf8 
1971884511 CAN.R: 0x00000080 - 
1971894117 CAN.R: 0x00000080 - 
1971903995 CAN.R: 0x00000080 - 
1971913945 CAN.R: 0x00000080 - 
1971923969 CAN.R: 0x00000080 - 
1971927630 CAN.X: 0x00000701 - RMT
1971928100 CAN.R: 0x00000701 - 0x05 
1971934037 CAN.R: 0x00000080 - 
1971943829 CAN.X: 0x00000601 - 0x40 0x64 0x60 0x00 0x00 0x00 0x00 0x00 
1971943995 CAN.R: 0x00000080 - 
1971944625 CAN.R: 0x00000581 - 0x43 0x64 0x60 0x00 0x59 0x9c 0x00 0x00 
1971944714 CAN.X: 0x00000603 - 0x40 0x64 0x60 0x00 0x00 0x00 0x00 0x00 
1971945486 CAN.R: 0x00000583 - 0x43 0x64 0x60 0x00 0x0e 0x99 0x00 0x00 
1971953917 CAN.R: 0x00000080 - 
1971964594 CAN.R: 0x00000080 - 
1971974507 CAN.R: 0x00000080 - 
1971974542 CAN.R: 0x00000180 - 0xaa 0xfc 0x13 0xf8 
1971984129 CAN.R: 0x00000080 - 
1971990071 CAN.X: 0x00000702 - RMT
1971990956 CAN.R: 0x00000702 - 0x85 
1971993994 CAN.R: 0x00000080 - 
1972004065 CAN.R: 0x00000080 - 
1972014038 CAN.R: 0x00000080 - 
1972021873 CAN.X: 0x00000703 - RMT
1972022463 CAN.R: 0x00000703 - 0x05 
1972024014 CAN.R: 0x00000080 - 
1972034234 CAN.R: 0x00000080 - 
1972044393 CAN.R: 0x00000080 - 
1972053361 CAN.X: 0x00000601 - 0x40 0x64 0x60 0x00 0x00 0x00 0x00 0x00 
1972053933 CAN.R: 0x00000080 - 
1972054055 CAN.R: 0x00000581 - 0x43 0x64 0x60 0x00 0x59 0x9c 0x00 0x00 
1972054212 CAN.X: 0x00000603 - 0x40 0x64 0x60 0x00 0x00 0x00 0x00 0x00 
1972055095 CAN.R: 0x00000583 - 0x43 0x64 0x60 0x00 0x0e 0x99 0x00 0x00 
1972064010 CAN.R: 0x00000080 - 
1972068670 CAN.X: 0x00000704 - RMT
1972069429 CAN.R: 0x00000704 - 0x05 
1972074442 CAN.R: 0x00000080 - 
1972074468 CAN.R: 0x00000180 - 0x4a 0x83 0x15 0xf8 
1972084421 CAN.R: 0x00000080 - 
1972094389 CAN.R: 0x00000080 - 
1972103829 CAN.R: 0x00000080 - 
1972114016 CAN.R: 0x00000080 - 
1972123933 CAN.R: 0x00000080 - 
1972132101 CAN.X: 0x00000701 - RMT
1972132689 CAN.R: 0x00000701 - 0x85 
1972133761 CAN.R: 0x00000080 - 
1972143932 CAN.R: 0x00000080 - 
1972153756 CAN.R: 0x00000080 - 
1972163618 CAN.X: 0x00000601 - 0x40 0x64 0x60 0x00 0x00 0x00 0x00 0x00 
1972163854 CAN.R: 0x00000080 - 
1972164363 CAN.R: 0x00000581 - 0x43 0x64 0x60 0x00 0x59 0x9c 0x00 0x00 
1972164478 CAN.X: 0x00000603 - 0x40 0x64 0x60 0x00 0x00 0x00 0x00 0x00 
1972165264 CAN.R: 0x00000583 - 0x43 0x64 0x60 0x00 0x0e 0x99 0x00 0x00 
1972174449 CAN.R: 0x00000080 - 
1972174489 CAN.R: 0x00000180 - 0xea 0x09 0x17 0xf8 
1972184407 CAN.R: 0x00000080 - 
1972194396 CAN.R: 0x00000080 - 
1972194492 CAN.X: 0x00000702 - RMT
1972195199 CAN.R: 0x00000702 - 0x05 
1972203811 CAN.R: 0x00000080 - 
1972214046 CAN.R: 0x00000080 - 
1972224401 CAN.R: 0x00000080 - 
1972226538 CAN.X: 0x00000703 - RMT
1972227267 CAN.R: 0x00000703 - 0x85 
1972234410 CAN.R: 0x00000080 - 
1972243911 CAN.R: 0x00000080 - 
1972253947 CAN.R: 0x00000080 - 
1972264008 CAN.R: 0x00000080 - 
1972273308 CAN.X: 0x00000704 - RMT
1972273480 CAN.X: 0x00000601 - 0x40 0x64 0x60 0x00 0x00 0x00 0x00 0x00 
1972273927 CAN.R: 0x00000080 - 
1972273967 CAN.R: 0x00000704 - 0x85 
1972274111 CAN.R: 0x00000180 - 0xa1 0x90 0x18 0xf8 
1972274342 CAN.R: 0x00000581 - 0x43 0x64 0x60 0x00 0x59 0x9c 0x00 0x00 
1972274470 CAN.X: 0x00000603 - 0x40 0x64 0x60 0x00 0x00 0x00 0x00 0x00 
1972275197 CAN.R: 0x00000583 - 0x43 0x64 0x60 0x00 0x0e 0x99 0x00 0x00 
1972284409 CAN.R: 0x00000080 - 
1972294402 CAN.R: 0x00000080 - 
1972303820 CAN.R: 0x00000080 - 
1972314138 CAN.R: 0x00000080 - 
1972323881 CAN.R: 0x00000080 - 
1972334391 CAN.R: 0x00000080 - 
1972336298 CAN.X: 0x00000701 - RMT
1972336903 CAN.R: 0x00000701 - 0x05 
1972343791 CAN.R: 0x00000080 - 
1972353839 CAN.R: 0x00000080 - 
1972364108 CAN.R: 0x00000080 - 
1972368031 CAN.X: 0x00000601 - 0x40 0x64 0x60 0x00 0x00 0x00 0x00 0x00 
1972368787 CAN.R: 0x00000581 - 0x43 0x64 0x60 0x00 0x59 0x9c 0x00 0x00 
1972368876 CAN.X: 0x00000603 - 0x40 0x64 0x60 0x00 0x00 0x00 0x00 0x00 
1972369602 CAN.R: 0x00000583 - 0x43 0x64 0x60 0x00 0x0e 0x99 0x00 0x00 
1972373845 CAN.R: 0x00000080 - 
1972373986 CAN.R: 0x00000180 - 0x2a 0x17 0x1a 0xf8 
1972383845 CAN.R: 0x00000080 - 
1972394396 CAN.R: 0x00000080 - 
1972398850 CAN.X: 0x00000702 - RMT
1972399618 CAN.R: 0x00000702 - 0x85 
1972403802 CAN.R: 0x00000080 - 
1972414092 CAN.R: 0x00000080 - 
1972423970 CAN.R: 0x00000080 - 
1972430777 CAN.X: 0x00000703 - RMT
1972431435 CAN.R: 0x00000703 - 0x05 
1972433900 CAN.R: 0x00000080 - 
1972443832 CAN.R: 0x00000080 - 
1972453865 CAN.R: 0x00000080 - 
1972464289 CAN.R: 0x00000080 - 
1972473885 CAN.R: 0x00000080 - 
1972473913 CAN.R: 0x00000180 - 0xca 0x9d 0x1b 0xf8 
1972477526 CAN.X: 0x00000704 - RMT
1972477689 CAN.X: 0x00000601 - 0x40 0x64 0x60 0x00 0x00 0x00 0x00 0x00 
1972478146 CAN.R: 0x00000704 - 0x05 
1972478385 CAN.R: 0x00000581 - 0x43 0x64 0x60 0x00 0x59 0x9c 0x00 0x00 
1972478473 CAN.X: 0x00000603 - 0x40 0x64 0x60 0x00 0x00 0x00 0x00 0x00 
1972479172 CAN.R: 0x00000583 - 0x43 0x64 0x60 0x00 0x0e 0x99 0x00 0x00 
1972484088 CAN.R: 0x00000080 - 
1972493946 CAN.R: 0x00000080 - 
1972503812 CAN.R: 0x00000080 - 
1972513986 CAN.R: 0x00000080 - 
1972524166 CAN.R: 0x00000080 - 
1972534018 CAN.R: 0x00000080 - 
1972540618 CAN.X: 0x00000701 - RMT
1972541294 CAN.R: 0x00000701 - 0x85 
1972543898 CAN.R: 0x00000080 - 
1972553828 CAN.R: 0x00000080 - 
1972564387 CAN.R: 0x00000080 - 
1972573991 CAN.R: 0x00000080 - 
1972574034 CAN.R: 0x00000180 - 0x6a 0x24 0x1d 0xf8 
1972584030 CAN.R: 0x00000080 - 
1972594417 CAN.R: 0x00000080 - 
1972603245 CAN.X: 0x00000702 - RMT
1972603769 CAN.R: 0x00000080 - 
1972603936 CAN.R: 0x00000702 - 0x05 
1972614404 CAN.R: 0x00000080 - 
1972621065 Amp 1 control 0x0005
1972621087 CAN.X: 0x00000601 - 0x2b 0x40 0x60 0x00 0x05 0x00 0x00 0x00 
1972621863 CAN.R: 0x00000581 - 0x60 0x40 0x60 0x00 0x00 0x00 0x00 0x00 
1972621897 CAN.R: 0x00000181 - 0xf4 0x0f 0x70 0x0f 0x00 0x02 0x00 0x00 
1972621919 Amp 1 status 0x00000200 0x0f70 0x0ff4
1972622186 CAN.R: 0x00000181 - 0xf4 0x0f 0x70 0x0f 0x00 0xf2 0x00 0x00 
1972622204 Amp 1 status 0x0000f200 0x0f70 0x0ff4
1972622468 Amp 2 control 0x0005
1972622484 CAN.X: 0x00000602 - 0x2b 0x40 0x60 0x00 0x05 0x00 0x00 0x00 
1972623268 CAN.R: 0x00000582 - 0x60 0x40 0x60 0x00 0x00 0x00 0x00 0x00 
1972623293 CAN.R: 0x00000182 - 0xf6 0x0f 0x70 0x07 0x00 0x00 0x00 0x00 
1972623320 Amp 2 status 0x00000000 0x0770 0x0ff6
1972623575 CAN.R: 0x00000182 - 0xf6 0x0f 0x70 0x07 0x00 0xf0 0x00 0x00 
1972623593 Amp 2 status 0x0000f000 0x0770 0x0ff6
1972623660 Amp 3 control 0x0005
1972623674 CAN.X: 0x00000603 - 0x2b 0x40 0x60 0x00 0x05 0x00 0x00 0x00 
1972623807 CAN.R: 0x00000080 - 
1972624543 CAN.R: 0x00000583 - 0x60 0x40 0x60 0x00 0x00 0x00 0x00 0x00 
1972624567 CAN.R: 0x00000183 - 0xf4 0x0f 0x70 0x2f 0x00 0x02 0x00 0x00 
1972624583 Amp 3 status 0x00000200 0x2f70 0x0ff4
1972624834 CAN.R: 0x00000183 - 0xf4 0x0f 0x70 0x2f 0x00 0xf2 0x00 0x00 
1972624852 Amp 3 status 0x0000f200 0x2f70 0x0ff4
1972633739 CAN.R: 0x00000080 - 
1972634859 CAN.X: 0x00000703 - RMT
1972635347 CAN.R: 0x00000703 - 0x85 
1972643779 CAN.R: 0x00000080 - 
